2025-03-07T08:52:14.865+05:30  WARN 19684 --- [StatisticsMicroservice] [HikariPool-1 housekeeper] com.zaxxer.hikari.pool.HikariPool        : HikariPool-1 - Thread starvation or clock leap detected (housekeeper delta=14h10m21s80ms708µs800ns).
2025-03-07T08:54:52.488+05:30  INFO 19684 --- [StatisticsMicroservice] [AsyncResolver-bootstrap-executor-%d] c.n.d.s.r.aws.ConfigClusterResolver      : Resolving eureka endpoints via configuration
2025-03-07T09:03:11.776+05:30  WARN 19684 --- [StatisticsMicroservice] [HikariPool-1 housekeeper] com.zaxxer.hikari.pool.HikariPool        : HikariPool-1 - Thread starvation or clock leap detected (housekeeper delta=4m23s729ms210µs200ns).
2025-03-07T09:03:46.209+05:30  INFO 19684 --- [StatisticsMicroservice] [AsyncResolver-bootstrap-executor-%d] c.n.d.s.r.aws.ConfigClusterResolver      : Resolving eureka endpoints via configuration
2025-03-07T09:08:46.214+05:30  INFO 19684 --- [StatisticsMicroservice] [AsyncResolver-bootstrap-executor-%d] c.n.d.s.r.aws.ConfigClusterResolver      : Resolving eureka endpoints via configuration
2025-03-07T09:13:46.221+05:30  INFO 19684 --- [StatisticsMicroservice] [AsyncResolver-bootstrap-executor-%d] c.n.d.s.r.aws.ConfigClusterResolver      : Resolving eureka endpoints via configuration
2025-03-07T09:22:12.222+05:30  WARN 19684 --- [StatisticsMicroservice] [HikariPool-1 housekeeper] com.zaxxer.hikari.pool.HikariPool        : HikariPool-1 - Thread starvation or clock leap detected (housekeeper delta=6m59s246ms35µs800ns).
2025-03-07T09:23:21.914+05:30  INFO 19684 --- [StatisticsMicroservice] [DiscoveryClient-HeartbeatExecutor-%d] c.n.d.s.t.d.RedirectingEurekaHttpClient  : Request execution error. endpoint=DefaultEndpoint{ serviceUrl='http://localhost:8761/eureka/} exception=I/O error on PUT request for "http://localhost:8761/eureka/apps/STATISTICSMICROSERVICE/LTIN563691.cts.com:StatisticsMicroservice:8084": Connect to http://localhost:8761 [localhost/127.0.0.1, localhost/0:0:0:0:0:0:0:1] failed: Connection refused: getsockopt stacktrace=org.springframework.web.client.ResourceAccessException: I/O error on PUT request for "http://localhost:8761/eureka/apps/STATISTICSMICROSERVICE/LTIN563691.cts.com:StatisticsMicroservice:8084": Connect to http://localhost:8761 [localhost/127.0.0.1, localhost/0:0:0:0:0:0:0:1] failed: Connection refused: getsockopt
	at org.springframework.web.client.RestTemplate.createResourceAccessException(RestTemplate.java:926)
	at org.springframework.web.client.RestTemplate.doExecute(RestTemplate.java:906)
	at org.springframework.web.client.RestTemplate.execute(RestTemplate.java:841)
	at org.springframework.web.client.RestTemplate.exchange(RestTemplate.java:702)
	at org.springframework.cloud.netflix.eureka.http.RestTemplateEurekaHttpClient.sendHeartBeat(RestTemplateEurekaHttpClient.java:119)
	at com.netflix.discovery.shared.transport.decorator.EurekaHttpClientDecorator$3.execute(EurekaHttpClientDecorator.java:92)
	at com.netflix.discovery.shared.transport.decorator.RedirectingEurekaHttpClient.execute(RedirectingEurekaHttpClient.java:91)
	at com.netflix.discovery.shared.transport.decorator.EurekaHttpClientDecorator.sendHeartBeat(EurekaHttpClientDecorator.java:89)
	at com.netflix.discovery.shared.transport.decorator.EurekaHttpClientDecorator$3.execute(EurekaHttpClientDecorator.java:92)
	at com.netflix.discovery.shared.transport.decorator.RetryableEurekaHttpClient.execute(RetryableEurekaHttpClient.java:120)
	at com.netflix.discovery.shared.transport.decorator.EurekaHttpClientDecorator.sendHeartBeat(EurekaHttpClientDecorator.java:89)
	at com.netflix.discovery.shared.transport.decorator.EurekaHttpClientDecorator$3.execute(EurekaHttpClientDecorator.java:92)
	at com.netflix.discovery.shared.transport.decorator.SessionedEurekaHttpClient.execute(SessionedEurekaHttpClient.java:76)
	at com.netflix.discovery.shared.transport.decorator.EurekaHttpClientDecorator.sendHeartBeat(EurekaHttpClientDecorator.java:89)
	at com.netflix.discovery.DiscoveryClient.renew(DiscoveryClient.java:845)
	at com.netflix.discovery.DiscoveryClient$HeartbeatThread.run(DiscoveryClient.java:1402)
	at java.base/java.util.concurrent.Executors$RunnableAdapter.call(Executors.java:572)
	at java.base/java.util.concurrent.FutureTask.run(FutureTask.java:317)
	at java.base/java.util.concurrent.ThreadPoolExecutor.runWorker(ThreadPoolExecutor.java:1144)
	at java.base/java.util.concurrent.ThreadPoolExecutor$Worker.run(ThreadPoolExecutor.java:642)
	at java.base/java.lang.Thread.run(Thread.java:1575)
Caused by: org.apache.hc.client5.http.HttpHostConnectException: Connect to http://localhost:8761 [localhost/127.0.0.1, localhost/0:0:0:0:0:0:0:1] failed: Connection refused: getsockopt
	at java.base/sun.nio.ch.Net.pollConnect(Native Method)
	at java.base/sun.nio.ch.Net.pollConnectNow(Net.java:682)
	at java.base/sun.nio.ch.NioSocketImpl.timedFinishConnect(NioSocketImpl.java:542)
	at java.base/sun.nio.ch.NioSocketImpl.connect(NioSocketImpl.java:592)
	at java.base/java.net.SocksSocketImpl.connect(SocksSocketImpl.java:327)
	at java.base/java.net.Socket.connect(Socket.java:760)
	at org.apache.hc.client5.http.impl.io.DefaultHttpClientConnectionOperator.connect(DefaultHttpClientConnectionOperator.java:216)
	at org.apache.hc.client5.http.impl.io.PoolingHttpClientConnectionManager.connect(PoolingHttpClientConnectionManager.java:490)
	at org.apache.hc.client5.http.impl.classic.InternalExecRuntime.connectEndpoint(InternalExecRuntime.java:164)
	at org.apache.hc.client5.http.impl.classic.InternalExecRuntime.connectEndpoint(InternalExecRuntime.java:174)
	at org.apache.hc.client5.http.impl.classic.ConnectExec.execute(ConnectExec.java:144)
	at org.apache.hc.client5.http.impl.classic.ExecChainElement.execute(ExecChainElement.java:51)
	at org.apache.hc.client5.http.impl.classic.ProtocolExec.execute(ProtocolExec.java:192)
	at org.apache.hc.client5.http.impl.classic.ExecChainElement.execute(ExecChainElement.java:51)
	at org.apache.hc.client5.http.impl.classic.ContentCompressionExec.execute(ContentCompressionExec.java:150)
	at org.apache.hc.client5.http.impl.classic.ExecChainElement.execute(ExecChainElement.java:51)
	at org.apache.hc.client5.http.impl.classic.HttpRequestRetryExec.execute(HttpRequestRetryExec.java:113)
	at org.apache.hc.client5.http.impl.classic.ExecChainElement.execute(ExecChainElement.java:51)
	at org.apache.hc.client5.http.impl.classic.RedirectExec.execute(RedirectExec.java:110)
	at org.apache.hc.client5.http.impl.classic.ExecChainElement.execute(ExecChainElement.java:51)
	at org.apache.hc.client5.http.impl.classic.InternalHttpClient.doExecute(InternalHttpClient.java:174)
	at org.apache.hc.client5.http.impl.classic.CloseableHttpClient.execute(CloseableHttpClient.java:87)
	at org.apache.hc.client5.http.impl.classic.CloseableHttpClient.execute(CloseableHttpClient.java:55)
	at org.apache.hc.client5.http.classic.HttpClient.executeOpen(HttpClient.java:183)
	at org.springframework.http.client.HttpComponentsClientHttpRequest.executeInternal(HttpComponentsClientHttpRequest.java:99)
	at org.springframework.http.client.AbstractStreamingClientHttpRequest.executeInternal(AbstractStreamingClientHttpRequest.java:71)
	at org.springframework.http.client.AbstractClientHttpRequest.execute(AbstractClientHttpRequest.java:81)
	at org.springframework.http.client.InterceptingClientHttpRequest$InterceptingRequestExecution.execute(InterceptingClientHttpRequest.java:117)
	at org.springframework.cloud.netflix.eureka.http.RestTemplateTransportClientFactory.lambda$restTemplate$3(RestTemplateTransportClientFactory.java:141)
	at org.springframework.http.client.InterceptingClientHttpRequest$InterceptingRequestExecution.execute(InterceptingClientHttpRequest.java:88)
	at org.springframework.http.client.InterceptingClientHttpRequest.executeInternal(InterceptingClientHttpRequest.java:72)
	at org.springframework.http.client.AbstractBufferingClientHttpRequest.executeInternal(AbstractBufferingClientHttpRequest.java:48)
	at org.springframework.http.client.AbstractClientHttpRequest.execute(AbstractClientHttpRequest.java:81)
	at org.springframework.web.client.RestTemplate.doExecute(RestTemplate.java:900)
	... 19 more

2025-03-07T09:23:21.915+05:30  WARN 19684 --- [StatisticsMicroservice] [DiscoveryClient-HeartbeatExecutor-%d] c.n.d.s.t.d.RetryableEurekaHttpClient    : Request execution failed with message: I/O error on PUT request for "http://localhost:8761/eureka/apps/STATISTICSMICROSERVICE/LTIN563691.cts.com:StatisticsMicroservice:8084": Connect to http://localhost:8761 [localhost/127.0.0.1, localhost/0:0:0:0:0:0:0:1] failed: Connection refused: getsockopt
2025-03-07T09:23:21.914+05:30  INFO 19684 --- [StatisticsMicroservice] [DiscoveryClient-CacheRefreshExecutor-%d] c.n.d.s.t.d.RedirectingEurekaHttpClient  : Request execution error. endpoint=DefaultEndpoint{ serviceUrl='http://localhost:8761/eureka/} exception=I/O error on GET request for "http://localhost:8761/eureka/apps/delta": Connect to http://localhost:8761 [localhost/127.0.0.1, localhost/0:0:0:0:0:0:0:1] failed: Connection refused: getsockopt stacktrace=org.springframework.web.client.ResourceAccessException: I/O error on GET request for "http://localhost:8761/eureka/apps/delta": Connect to http://localhost:8761 [localhost/127.0.0.1, localhost/0:0:0:0:0:0:0:1] failed: Connection refused: getsockopt
	at org.springframework.web.client.RestTemplate.createResourceAccessException(RestTemplate.java:926)
	at org.springframework.web.client.RestTemplate.doExecute(RestTemplate.java:906)
	at org.springframework.web.client.RestTemplate.execute(RestTemplate.java:841)
	at org.springframework.web.client.RestTemplate.exchange(RestTemplate.java:702)
	at org.springframework.cloud.netflix.eureka.http.RestTemplateEurekaHttpClient.getApplicationsInternal(RestTemplateEurekaHttpClient.java:174)
	at org.springframework.cloud.netflix.eureka.http.RestTemplateEurekaHttpClient.getDelta(RestTemplateEurekaHttpClient.java:186)
	at com.netflix.discovery.shared.transport.decorator.EurekaHttpClientDecorator$7.execute(EurekaHttpClientDecorator.java:152)
	at com.netflix.discovery.shared.transport.decorator.RedirectingEurekaHttpClient.execute(RedirectingEurekaHttpClient.java:91)
	at com.netflix.discovery.shared.transport.decorator.EurekaHttpClientDecorator.getDelta(EurekaHttpClientDecorator.java:149)
	at com.netflix.discovery.shared.transport.decorator.EurekaHttpClientDecorator$7.execute(EurekaHttpClientDecorator.java:152)
	at com.netflix.discovery.shared.transport.decorator.RetryableEurekaHttpClient.execute(RetryableEurekaHttpClient.java:120)
	at com.netflix.discovery.shared.transport.decorator.EurekaHttpClientDecorator.getDelta(EurekaHttpClientDecorator.java:149)
	at com.netflix.discovery.shared.transport.decorator.EurekaHttpClientDecorator$7.execute(EurekaHttpClientDecorator.java:152)
	at com.netflix.discovery.shared.transport.decorator.SessionedEurekaHttpClient.execute(SessionedEurekaHttpClient.java:76)
	at com.netflix.discovery.shared.transport.decorator.EurekaHttpClientDecorator.getDelta(EurekaHttpClientDecorator.java:149)
	at com.netflix.discovery.DiscoveryClient.getAndUpdateDelta(DiscoveryClient.java:1080)
	at com.netflix.discovery.DiscoveryClient.fetchRegistry(DiscoveryClient.java:963)
	at com.netflix.discovery.DiscoveryClient.refreshRegistry(DiscoveryClient.java:1473)
	at com.netflix.discovery.DiscoveryClient$CacheRefreshThread.run(DiscoveryClient.java:1441)
	at java.base/java.util.concurrent.Executors$RunnableAdapter.call(Executors.java:572)
	at java.base/java.util.concurrent.FutureTask.run(FutureTask.java:317)
	at java.base/java.util.concurrent.ThreadPoolExecutor.runWorker(ThreadPoolExecutor.java:1144)
	at java.base/java.util.concurrent.ThreadPoolExecutor$Worker.run(ThreadPoolExecutor.java:642)
	at java.base/java.lang.Thread.run(Thread.java:1575)
Caused by: org.apache.hc.client5.http.HttpHostConnectException: Connect to http://localhost:8761 [localhost/127.0.0.1, localhost/0:0:0:0:0:0:0:1] failed: Connection refused: getsockopt
	at java.base/sun.nio.ch.Net.pollConnect(Native Method)
	at java.base/sun.nio.ch.Net.pollConnectNow(Net.java:682)
	at java.base/sun.nio.ch.NioSocketImpl.timedFinishConnect(NioSocketImpl.java:542)
	at java.base/sun.nio.ch.NioSocketImpl.connect(NioSocketImpl.java:592)
	at java.base/java.net.SocksSocketImpl.connect(SocksSocketImpl.java:327)
	at java.base/java.net.Socket.connect(Socket.java:760)
	at org.apache.hc.client5.http.impl.io.DefaultHttpClientConnectionOperator.connect(DefaultHttpClientConnectionOperator.java:216)
	at org.apache.hc.client5.http.impl.io.PoolingHttpClientConnectionManager.connect(PoolingHttpClientConnectionManager.java:490)
	at org.apache.hc.client5.http.impl.classic.InternalExecRuntime.connectEndpoint(InternalExecRuntime.java:164)
	at org.apache.hc.client5.http.impl.classic.InternalExecRuntime.connectEndpoint(InternalExecRuntime.java:174)
	at org.apache.hc.client5.http.impl.classic.ConnectExec.execute(ConnectExec.java:144)
	at org.apache.hc.client5.http.impl.classic.ExecChainElement.execute(ExecChainElement.java:51)
	at org.apache.hc.client5.http.impl.classic.ProtocolExec.execute(ProtocolExec.java:192)
	at org.apache.hc.client5.http.impl.classic.ExecChainElement.execute(ExecChainElement.java:51)
	at org.apache.hc.client5.http.impl.classic.ContentCompressionExec.execute(ContentCompressionExec.java:150)
	at org.apache.hc.client5.http.impl.classic.ExecChainElement.execute(ExecChainElement.java:51)
	at org.apache.hc.client5.http.impl.classic.HttpRequestRetryExec.execute(HttpRequestRetryExec.java:113)
	at org.apache.hc.client5.http.impl.classic.ExecChainElement.execute(ExecChainElement.java:51)
	at org.apache.hc.client5.http.impl.classic.RedirectExec.execute(RedirectExec.java:110)
	at org.apache.hc.client5.http.impl.classic.ExecChainElement.execute(ExecChainElement.java:51)
	at org.apache.hc.client5.http.impl.classic.InternalHttpClient.doExecute(InternalHttpClient.java:174)
	at org.apache.hc.client5.http.impl.classic.CloseableHttpClient.execute(CloseableHttpClient.java:87)
	at org.apache.hc.client5.http.impl.classic.CloseableHttpClient.execute(CloseableHttpClient.java:55)
	at org.apache.hc.client5.http.classic.HttpClient.executeOpen(HttpClient.java:183)
	at org.springframework.http.client.HttpComponentsClientHttpRequest.executeInternal(HttpComponentsClientHttpRequest.java:99)
	at org.springframework.http.client.AbstractStreamingClientHttpRequest.executeInternal(AbstractStreamingClientHttpRequest.java:71)
	at org.springframework.http.client.AbstractClientHttpRequest.execute(AbstractClientHttpRequest.java:81)
	at org.springframework.http.client.InterceptingClientHttpRequest$InterceptingRequestExecution.execute(InterceptingClientHttpRequest.java:117)
	at org.springframework.cloud.netflix.eureka.http.RestTemplateTransportClientFactory.lambda$restTemplate$3(RestTemplateTransportClientFactory.java:141)
	at org.springframework.http.client.InterceptingClientHttpRequest$InterceptingRequestExecution.execute(InterceptingClientHttpRequest.java:88)
	at org.springframework.http.client.InterceptingClientHttpRequest.executeInternal(InterceptingClientHttpRequest.java:72)
	at org.springframework.http.client.AbstractBufferingClientHttpRequest.executeInternal(AbstractBufferingClientHttpRequest.java:48)
	at org.springframework.http.client.AbstractClientHttpRequest.execute(AbstractClientHttpRequest.java:81)
	at org.springframework.web.client.RestTemplate.doExecute(RestTemplate.java:900)
	... 22 more

2025-03-07T09:23:21.916+05:30  WARN 19684 --- [StatisticsMicroservice] [DiscoveryClient-CacheRefreshExecutor-%d] c.n.d.s.t.d.RetryableEurekaHttpClient    : Request execution failed with message: I/O error on GET request for "http://localhost:8761/eureka/apps/delta": Connect to http://localhost:8761 [localhost/127.0.0.1, localhost/0:0:0:0:0:0:0:1] failed: Connection refused: getsockopt
2025-03-07T09:23:21.934+05:30  INFO 19684 --- [StatisticsMicroservice] [DiscoveryClient-CacheRefreshExecutor-%d] c.n.d.s.t.d.RedirectingEurekaHttpClient  : Request execution error. endpoint=DefaultEndpoint{ serviceUrl='http://localhost:8761/eureka/}, exception=I/O error on GET request for "http://localhost:8761/eureka/apps/delta": Connect to http://localhost:8761 [localhost/127.0.0.1, localhost/0:0:0:0:0:0:0:1] failed: Connection refused: getsockopt stacktrace=org.springframework.web.client.ResourceAccessException: I/O error on GET request for "http://localhost:8761/eureka/apps/delta": Connect to http://localhost:8761 [localhost/127.0.0.1, localhost/0:0:0:0:0:0:0:1] failed: Connection refused: getsockopt
	at org.springframework.web.client.RestTemplate.createResourceAccessException(RestTemplate.java:926)
	at org.springframework.web.client.RestTemplate.doExecute(RestTemplate.java:906)
	at org.springframework.web.client.RestTemplate.execute(RestTemplate.java:841)
	at org.springframework.web.client.RestTemplate.exchange(RestTemplate.java:702)
	at org.springframework.cloud.netflix.eureka.http.RestTemplateEurekaHttpClient.getApplicationsInternal(RestTemplateEurekaHttpClient.java:174)
	at org.springframework.cloud.netflix.eureka.http.RestTemplateEurekaHttpClient.getDelta(RestTemplateEurekaHttpClient.java:186)
	at com.netflix.discovery.shared.transport.decorator.EurekaHttpClientDecorator$7.execute(EurekaHttpClientDecorator.java:152)
	at com.netflix.discovery.shared.transport.decorator.RedirectingEurekaHttpClient.executeOnNewServer(RedirectingEurekaHttpClient.java:121)
	at com.netflix.discovery.shared.transport.decorator.RedirectingEurekaHttpClient.execute(RedirectingEurekaHttpClient.java:80)
	at com.netflix.discovery.shared.transport.decorator.EurekaHttpClientDecorator.getDelta(EurekaHttpClientDecorator.java:149)
	at com.netflix.discovery.shared.transport.decorator.EurekaHttpClientDecorator$7.execute(EurekaHttpClientDecorator.java:152)
	at com.netflix.discovery.shared.transport.decorator.RetryableEurekaHttpClient.execute(RetryableEurekaHttpClient.java:120)
	at com.netflix.discovery.shared.transport.decorator.EurekaHttpClientDecorator.getDelta(EurekaHttpClientDecorator.java:149)
	at com.netflix.discovery.shared.transport.decorator.EurekaHttpClientDecorator$7.execute(EurekaHttpClientDecorator.java:152)
	at com.netflix.discovery.shared.transport.decorator.SessionedEurekaHttpClient.execute(SessionedEurekaHttpClient.java:76)
	at com.netflix.discovery.shared.transport.decorator.EurekaHttpClientDecorator.getDelta(EurekaHttpClientDecorator.java:149)
	at com.netflix.discovery.DiscoveryClient.getAndUpdateDelta(DiscoveryClient.java:1080)
	at com.netflix.discovery.DiscoveryClient.fetchRegistry(DiscoveryClient.java:963)
	at com.netflix.discovery.DiscoveryClient.refreshRegistry(DiscoveryClient.java:1473)
	at com.netflix.discovery.DiscoveryClient$CacheRefreshThread.run(DiscoveryClient.java:1441)
	at java.base/java.util.concurrent.Executors$RunnableAdapter.call(Executors.java:572)
	at java.base/java.util.concurrent.FutureTask.run(FutureTask.java:317)
	at java.base/java.util.concurrent.ThreadPoolExecutor.runWorker(ThreadPoolExecutor.java:1144)
	at java.base/java.util.concurrent.ThreadPoolExecutor$Worker.run(ThreadPoolExecutor.java:642)
	at java.base/java.lang.Thread.run(Thread.java:1575)
Caused by: org.apache.hc.client5.http.HttpHostConnectException: Connect to http://localhost:8761 [localhost/127.0.0.1, localhost/0:0:0:0:0:0:0:1] failed: Connection refused: getsockopt
	at java.base/sun.nio.ch.Net.pollConnect(Native Method)
	at java.base/sun.nio.ch.Net.pollConnectNow(Net.java:682)
	at java.base/sun.nio.ch.NioSocketImpl.timedFinishConnect(NioSocketImpl.java:542)
	at java.base/sun.nio.ch.NioSocketImpl.connect(NioSocketImpl.java:592)
	at java.base/java.net.SocksSocketImpl.connect(SocksSocketImpl.java:327)
	at java.base/java.net.Socket.connect(Socket.java:760)
	at org.apache.hc.client5.http.impl.io.DefaultHttpClientConnectionOperator.connect(DefaultHttpClientConnectionOperator.java:216)
	at org.apache.hc.client5.http.impl.io.PoolingHttpClientConnectionManager.connect(PoolingHttpClientConnectionManager.java:490)
	at org.apache.hc.client5.http.impl.classic.InternalExecRuntime.connectEndpoint(InternalExecRuntime.java:164)
	at org.apache.hc.client5.http.impl.classic.InternalExecRuntime.connectEndpoint(InternalExecRuntime.java:174)
	at org.apache.hc.client5.http.impl.classic.ConnectExec.execute(ConnectExec.java:144)
	at org.apache.hc.client5.http.impl.classic.ExecChainElement.execute(ExecChainElement.java:51)
	at org.apache.hc.client5.http.impl.classic.ProtocolExec.execute(ProtocolExec.java:192)
	at org.apache.hc.client5.http.impl.classic.ExecChainElement.execute(ExecChainElement.java:51)
	at org.apache.hc.client5.http.impl.classic.ContentCompressionExec.execute(ContentCompressionExec.java:150)
	at org.apache.hc.client5.http.impl.classic.ExecChainElement.execute(ExecChainElement.java:51)
	at org.apache.hc.client5.http.impl.classic.HttpRequestRetryExec.execute(HttpRequestRetryExec.java:113)
	at org.apache.hc.client5.http.impl.classic.ExecChainElement.execute(ExecChainElement.java:51)
	at org.apache.hc.client5.http.impl.classic.RedirectExec.execute(RedirectExec.java:110)
	at org.apache.hc.client5.http.impl.classic.ExecChainElement.execute(ExecChainElement.java:51)
	at org.apache.hc.client5.http.impl.classic.InternalHttpClient.doExecute(InternalHttpClient.java:174)
	at org.apache.hc.client5.http.impl.classic.CloseableHttpClient.execute(CloseableHttpClient.java:87)
	at org.apache.hc.client5.http.impl.classic.CloseableHttpClient.execute(CloseableHttpClient.java:55)
	at org.apache.hc.client5.http.classic.HttpClient.executeOpen(HttpClient.java:183)
	at org.springframework.http.client.HttpComponentsClientHttpRequest.executeInternal(HttpComponentsClientHttpRequest.java:99)
	at org.springframework.http.client.AbstractStreamingClientHttpRequest.executeInternal(AbstractStreamingClientHttpRequest.java:71)
	at org.springframework.http.client.AbstractClientHttpRequest.execute(AbstractClientHttpRequest.java:81)
	at org.springframework.http.client.InterceptingClientHttpRequest$InterceptingRequestExecution.execute(InterceptingClientHttpRequest.java:117)
	at org.springframework.cloud.netflix.eureka.http.RestTemplateTransportClientFactory.lambda$restTemplate$3(RestTemplateTransportClientFactory.java:141)
	at org.springframework.http.client.InterceptingClientHttpRequest$InterceptingRequestExecution.execute(InterceptingClientHttpRequest.java:88)
	at org.springframework.http.client.InterceptingClientHttpRequest.executeInternal(InterceptingClientHttpRequest.java:72)
	at org.springframework.http.client.AbstractBufferingClientHttpRequest.executeInternal(AbstractBufferingClientHttpRequest.java:48)
	at org.springframework.http.client.AbstractClientHttpRequest.execute(AbstractClientHttpRequest.java:81)
	at org.springframework.web.client.RestTemplate.doExecute(RestTemplate.java:900)
	... 23 more

2025-03-07T09:23:21.935+05:30  WARN 19684 --- [StatisticsMicroservice] [DiscoveryClient-CacheRefreshExecutor-%d] c.n.d.s.t.d.RetryableEurekaHttpClient    : Request execution failed with message: I/O error on GET request for "http://localhost:8761/eureka/apps/delta": Connect to http://localhost:8761 [localhost/127.0.0.1, localhost/0:0:0:0:0:0:0:1] failed: Connection refused: getsockopt
2025-03-07T09:23:21.937+05:30  INFO 19684 --- [StatisticsMicroservice] [DiscoveryClient-CacheRefreshExecutor-%d] com.netflix.discovery.DiscoveryClient    : DiscoveryClient_STATISTICSMICROSERVICE/LTIN563691.cts.com:StatisticsMicroservice:8084 - was unable to refresh its cache! This periodic background refresh will be retried in 30 seconds. status = Cannot execute request on any known server stacktrace = com.netflix.discovery.shared.transport.TransportException: Cannot execute request on any known server
	at com.netflix.discovery.shared.transport.decorator.RetryableEurekaHttpClient.execute(RetryableEurekaHttpClient.java:112)
	at com.netflix.discovery.shared.transport.decorator.EurekaHttpClientDecorator.getDelta(EurekaHttpClientDecorator.java:149)
	at com.netflix.discovery.shared.transport.decorator.EurekaHttpClientDecorator$7.execute(EurekaHttpClientDecorator.java:152)
	at com.netflix.discovery.shared.transport.decorator.SessionedEurekaHttpClient.execute(SessionedEurekaHttpClient.java:76)
	at com.netflix.discovery.shared.transport.decorator.EurekaHttpClientDecorator.getDelta(EurekaHttpClientDecorator.java:149)
	at com.netflix.discovery.DiscoveryClient.getAndUpdateDelta(DiscoveryClient.java:1080)
	at com.netflix.discovery.DiscoveryClient.fetchRegistry(DiscoveryClient.java:963)
	at com.netflix.discovery.DiscoveryClient.refreshRegistry(DiscoveryClient.java:1473)
	at com.netflix.discovery.DiscoveryClient$CacheRefreshThread.run(DiscoveryClient.java:1441)
	at java.base/java.util.concurrent.Executors$RunnableAdapter.call(Executors.java:572)
	at java.base/java.util.concurrent.FutureTask.run(FutureTask.java:317)
	at java.base/java.util.concurrent.ThreadPoolExecutor.runWorker(ThreadPoolExecutor.java:1144)
	at java.base/java.util.concurrent.ThreadPoolExecutor$Worker.run(ThreadPoolExecutor.java:642)
	at java.base/java.lang.Thread.run(Thread.java:1575)

2025-03-07T09:23:22.660+05:30  INFO 19684 --- [StatisticsMicroservice] [DiscoveryClient-HeartbeatExecutor-%d] c.n.d.s.t.d.RetryableEurekaHttpClient    : Request execution succeeded on retry #1
2025-03-07T09:23:22.660+05:30  INFO 19684 --- [StatisticsMicroservice] [DiscoveryClient-HeartbeatExecutor-%d] com.netflix.discovery.DiscoveryClient    : DiscoveryClient_STATISTICSMICROSERVICE/LTIN563691.cts.com:StatisticsMicroservice:8084 - Re-registering apps/STATISTICSMICROSERVICE
2025-03-07T09:23:22.661+05:30  INFO 19684 --- [StatisticsMicroservice] [DiscoveryClient-HeartbeatExecutor-%d] com.netflix.discovery.DiscoveryClient    : DiscoveryClient_STATISTICSMICROSERVICE/LTIN563691.cts.com:StatisticsMicroservice:8084: registering service...
2025-03-07T09:23:22.891+05:30  INFO 19684 --- [StatisticsMicroservice] [DiscoveryClient-HeartbeatExecutor-%d] com.netflix.discovery.DiscoveryClient    : DiscoveryClient_STATISTICSMICROSERVICE/LTIN563691.cts.com:StatisticsMicroservice:8084 - registration status: 204
2025-03-07T09:25:16.481+05:30  INFO 19684 --- [StatisticsMicroservice] [AsyncResolver-bootstrap-executor-%d] c.n.d.s.r.aws.ConfigClusterResolver      : Resolving eureka endpoints via configuration
2025-03-07T09:30:16.521+05:30  INFO 19684 --- [StatisticsMicroservice] [AsyncResolver-bootstrap-executor-%d] c.n.d.s.r.aws.ConfigClusterResolver      : Resolving eureka endpoints via configuration
2025-03-07T09:35:16.530+05:30  INFO 19684 --- [StatisticsMicroservice] [AsyncResolver-bootstrap-executor-%d] c.n.d.s.r.aws.ConfigClusterResolver      : Resolving eureka endpoints via configuration
2025-03-07T09:40:16.539+05:30  INFO 19684 --- [StatisticsMicroservice] [AsyncResolver-bootstrap-executor-%d] c.n.d.s.r.aws.ConfigClusterResolver      : Resolving eureka endpoints via configuration
2025-03-07T09:45:16.554+05:30  INFO 19684 --- [StatisticsMicroservice] [AsyncResolver-bootstrap-executor-%d] c.n.d.s.r.aws.ConfigClusterResolver      : Resolving eureka endpoints via configuration
2025-03-07T09:50:16.567+05:30  INFO 19684 --- [StatisticsMicroservice] [AsyncResolver-bootstrap-executor-%d] c.n.d.s.r.aws.ConfigClusterResolver      : Resolving eureka endpoints via configuration
2025-03-07T09:55:16.569+05:30  INFO 19684 --- [StatisticsMicroservice] [AsyncResolver-bootstrap-executor-%d] c.n.d.s.r.aws.ConfigClusterResolver      : Resolving eureka endpoints via configuration
2025-03-07T09:58:00.316+05:30  WARN 19684 --- [StatisticsMicroservice] [HikariPool-1 housekeeper] com.zaxxer.hikari.pool.HikariPool        : HikariPool-1 - Thread starvation or clock leap detected (housekeeper delta=47s460ms617µs900ns).
2025-03-07T10:00:34.029+05:30  INFO 19684 --- [StatisticsMicroservice] [AsyncResolver-bootstrap-executor-%d] c.n.d.s.r.aws.ConfigClusterResolver      : Resolving eureka endpoints via configuration
2025-03-07T10:05:34.041+05:30  INFO 19684 --- [StatisticsMicroservice] [AsyncResolver-bootstrap-executor-%d] c.n.d.s.r.aws.ConfigClusterResolver      : Resolving eureka endpoints via configuration
2025-03-07T10:15:16.405+05:30  WARN 19684 --- [StatisticsMicroservice] [HikariPool-1 housekeeper] com.zaxxer.hikari.pool.HikariPool        : HikariPool-1 - Thread starvation or clock leap detected (housekeeper delta=6m45s917ms566µs900ns).
2025-03-07T10:16:49.958+05:30  INFO 19684 --- [StatisticsMicroservice] [AsyncResolver-bootstrap-executor-%d] c.n.d.s.r.aws.ConfigClusterResolver      : Resolving eureka endpoints via configuration
2025-03-07T10:21:49.971+05:30  INFO 19684 --- [StatisticsMicroservice] [AsyncResolver-bootstrap-executor-%d] c.n.d.s.r.aws.ConfigClusterResolver      : Resolving eureka endpoints via configuration
2025-03-07T10:26:49.987+05:30  INFO 19684 --- [StatisticsMicroservice] [AsyncResolver-bootstrap-executor-%d] c.n.d.s.r.aws.ConfigClusterResolver      : Resolving eureka endpoints via configuration
2025-03-07T10:31:50.001+05:30  INFO 19684 --- [StatisticsMicroservice] [AsyncResolver-bootstrap-executor-%d] c.n.d.s.r.aws.ConfigClusterResolver      : Resolving eureka endpoints via configuration
2025-03-07T10:36:50.086+05:30  INFO 19684 --- [StatisticsMicroservice] [AsyncResolver-bootstrap-executor-%d] c.n.d.s.r.aws.ConfigClusterResolver      : Resolving eureka endpoints via configuration
2025-03-07T10:38:28.514+05:30  INFO 19684 --- [StatisticsMicroservice] [RMI TCP Connection(194)-127.0.0.1] inMXBeanRegistrar$SpringApplicationAdmin : Application shutdown requested.
2025-03-07T10:38:28.546+05:30  INFO 19684 --- [StatisticsMicroservice] [RMI TCP Connection(194)-127.0.0.1] o.s.c.n.e.s.EurekaServiceRegistry        : Unregistering application STATISTICSMICROSERVICE with eureka with status DOWN
2025-03-07T10:38:28.547+05:30  INFO 19684 --- [StatisticsMicroservice] [RMI TCP Connection(194)-127.0.0.1] com.netflix.discovery.DiscoveryClient    : Saw local status change event StatusChangeEvent [timestamp=1741324108547, current=DOWN, previous=UP]
2025-03-07T10:38:28.547+05:30  INFO 19684 --- [StatisticsMicroservice] [DiscoveryClient-InstanceInfoReplicator-%d] com.netflix.discovery.DiscoveryClient    : DiscoveryClient_STATISTICSMICROSERVICE/LTIN563691.cts.com:StatisticsMicroservice:8084: registering service...
2025-03-07T10:38:28.586+05:30  INFO 19684 --- [StatisticsMicroservice] [DiscoveryClient-InstanceInfoReplicator-%d] com.netflix.discovery.DiscoveryClient    : DiscoveryClient_STATISTICSMICROSERVICE/LTIN563691.cts.com:StatisticsMicroservice:8084 - registration status: 204
2025-03-07T10:38:28.621+05:30  INFO 19684 --- [StatisticsMicroservice] [RMI TCP Connection(194)-127.0.0.1] o.s.b.w.e.tomcat.GracefulShutdown        : Commencing graceful shutdown. Waiting for active requests to complete
2025-03-07T10:38:28.652+05:30  INFO 19684 --- [StatisticsMicroservice] [tomcat-shutdown] o.s.b.w.e.tomcat.GracefulShutdown        : Graceful shutdown complete
2025-03-07T10:38:28.685+05:30  INFO 19684 --- [StatisticsMicroservice] [RMI TCP Connection(194)-127.0.0.1] j.LocalContainerEntityManagerFactoryBean : Closing JPA EntityManagerFactory for persistence unit 'default'
2025-03-07T10:38:28.743+05:30  INFO 19684 --- [StatisticsMicroservice] [RMI TCP Connection(194)-127.0.0.1] com.zaxxer.hikari.HikariDataSource       : HikariPool-1 - Shutdown initiated...
2025-03-07T10:38:28.759+05:30  INFO 19684 --- [StatisticsMicroservice] [RMI TCP Connection(194)-127.0.0.1] com.zaxxer.hikari.HikariDataSource       : HikariPool-1 - Shutdown completed.
2025-03-07T10:38:28.761+05:30  INFO 19684 --- [StatisticsMicroservice] [RMI TCP Connection(194)-127.0.0.1] com.netflix.discovery.DiscoveryClient    : Shutting down DiscoveryClient ...
2025-03-07T10:38:31.764+05:30  INFO 19684 --- [StatisticsMicroservice] [RMI TCP Connection(194)-127.0.0.1] com.netflix.discovery.DiscoveryClient    : Unregistering ...
2025-03-07T10:38:31.765+05:30  WARN 19684 --- [StatisticsMicroservice] [DiscoveryClient-%d] c.netflix.discovery.TimedSupervisorTask  : task supervisor shutting down, can't accept the task
2025-03-07T10:38:31.782+05:30  INFO 19684 --- [StatisticsMicroservice] [RMI TCP Connection(194)-127.0.0.1] com.netflix.discovery.DiscoveryClient    : DiscoveryClient_STATISTICSMICROSERVICE/LTIN563691.cts.com:StatisticsMicroservice:8084 - deregister  status: 200
2025-03-07T10:38:31.784+05:30  INFO 19684 --- [StatisticsMicroservice] [RMI TCP Connection(194)-127.0.0.1] com.netflix.discovery.DiscoveryClient    : Completed shut down of DiscoveryClient
2025-03-07T10:39:03.586+05:30  INFO 31468 --- [StatisticsMicroservice] [restartedMain] c.p.s.StatisticsMicroserviceApplication  : Starting StatisticsMicroserviceApplication using Java 23.0.1 with PID 31468 (C:\Users\2380378\git\repository2\StatisticsMicroservice\target\classes started by 2380378 in C:\Users\2380378\git\repository2\StatisticsMicroservice)
2025-03-07T10:39:03.586+05:30  INFO 31468 --- [StatisticsMicroservice] [restartedMain] c.p.s.StatisticsMicroserviceApplication  : No active profile set, falling back to 1 default profile: "default"
2025-03-07T10:39:03.731+05:30  INFO 31468 --- [StatisticsMicroservice] [restartedMain] o.s.c.c.c.ConfigServerConfigDataLoader   : Fetching config from server at : http://localhost:1234
2025-03-07T10:39:03.731+05:30  INFO 31468 --- [StatisticsMicroservice] [restartedMain] o.s.c.c.c.ConfigServerConfigDataLoader   : Located environment: name=StatisticsMicroservice, profiles=[default], label=null, version=1dff4b47742c2cdc9dc5510bcbe0b48d1fb5e6dc, state=
2025-03-07T10:39:03.744+05:30  INFO 31468 --- [StatisticsMicroservice] [restartedMain] .e.DevToolsPropertyDefaultsPostProcessor : Devtools property defaults active! Set 'spring.devtools.add-properties' to 'false' to disable
2025-03-07T10:39:03.744+05:30  INFO 31468 --- [StatisticsMicroservice] [restartedMain] .e.DevToolsPropertyDefaultsPostProcessor : For additional web related logging consider setting the 'logging.level.web' property to 'DEBUG'
2025-03-07T10:39:07.290+05:30  INFO 31468 --- [StatisticsMicroservice] [restartedMain] .s.d.r.c.RepositoryConfigurationDelegate : Bootstrapping Spring Data JPA repositories in DEFAULT mode.
2025-03-07T10:39:07.892+05:30  INFO 31468 --- [StatisticsMicroservice] [restartedMain] .s.d.r.c.RepositoryConfigurationDelegate : Finished Spring Data repository scanning in 550 ms. Found 1 JPA repository interface.
2025-03-07T10:39:08.933+05:30  INFO 31468 --- [StatisticsMicroservice] [restartedMain] o.s.cloud.context.scope.GenericScope     : BeanFactory id=b1522cfe-ab55-3311-b644-52df8a958d45
2025-03-07T10:39:11.156+05:30  INFO 31468 --- [StatisticsMicroservice] [restartedMain] o.s.b.w.embedded.tomcat.TomcatWebServer  : Tomcat initialized with port 8084 (http)
2025-03-07T10:39:11.202+05:30  INFO 31468 --- [StatisticsMicroservice] [restartedMain] o.apache.catalina.core.StandardService   : Starting service [Tomcat]
2025-03-07T10:39:11.203+05:30  INFO 31468 --- [StatisticsMicroservice] [restartedMain] o.apache.catalina.core.StandardEngine    : Starting Servlet engine: [Apache Tomcat/10.1.34]
2025-03-07T10:39:11.470+05:30  INFO 31468 --- [StatisticsMicroservice] [restartedMain] o.a.c.c.C.[Tomcat].[localhost].[/]       : Initializing Spring embedded WebApplicationContext
2025-03-07T10:39:11.471+05:30  INFO 31468 --- [StatisticsMicroservice] [restartedMain] w.s.c.ServletWebServerApplicationContext : Root WebApplicationContext: initialization completed in 7727 ms
2025-03-07T10:39:12.142+05:30  INFO 31468 --- [StatisticsMicroservice] [restartedMain] o.hibernate.jpa.internal.util.LogHelper  : HHH000204: Processing PersistenceUnitInfo [name: default]
2025-03-07T10:39:12.346+05:30  INFO 31468 --- [StatisticsMicroservice] [restartedMain] org.hibernate.Version                    : HHH000412: Hibernate ORM core version 6.6.5.Final
2025-03-07T10:39:12.466+05:30  INFO 31468 --- [StatisticsMicroservice] [restartedMain] o.h.c.internal.RegionFactoryInitiator    : HHH000026: Second-level cache disabled
2025-03-07T10:39:13.336+05:30  INFO 31468 --- [StatisticsMicroservice] [restartedMain] o.s.o.j.p.SpringPersistenceUnitInfo      : No LoadTimeWeaver setup: ignoring JPA class transformer
2025-03-07T10:39:13.429+05:30  INFO 31468 --- [StatisticsMicroservice] [restartedMain] com.zaxxer.hikari.HikariDataSource       : HikariPool-1 - Starting...
2025-03-07T10:39:14.349+05:30  INFO 31468 --- [StatisticsMicroservice] [restartedMain] com.zaxxer.hikari.pool.HikariPool        : HikariPool-1 - Added connection com.mysql.cj.jdbc.ConnectionImpl@60638f3f
2025-03-07T10:39:14.349+05:30  INFO 31468 --- [StatisticsMicroservice] [restartedMain] com.zaxxer.hikari.HikariDataSource       : HikariPool-1 - Start completed.
2025-03-07T10:39:14.501+05:30  WARN 31468 --- [StatisticsMicroservice] [restartedMain] org.hibernate.orm.deprecation            : HHH90000025: MySQLDialect does not need to be specified explicitly using 'hibernate.dialect' (remove the property setting and it will be selected by default)
2025-03-07T10:39:14.541+05:30  INFO 31468 --- [StatisticsMicroservice] [restartedMain] org.hibernate.orm.connections.pooling    : HHH10001005: Database info:
	Database JDBC URL [Connecting through datasource 'HikariDataSource (HikariPool-1)']
	Database driver: undefined/unknown
	Database version: 8.0.40
	Autocommit mode: undefined/unknown
	Isolation level: undefined/unknown
	Minimum pool size: undefined/unknown
	Maximum pool size: undefined/unknown
2025-03-07T10:39:18.316+05:30  INFO 31468 --- [StatisticsMicroservice] [restartedMain] o.h.e.t.j.p.i.JtaPlatformInitiator       : HHH000489: No JTA platform available (set 'hibernate.transaction.jta.platform' to enable JTA platform integration)
2025-03-07T10:39:18.527+05:30  INFO 31468 --- [StatisticsMicroservice] [restartedMain] j.LocalContainerEntityManagerFactoryBean : Initialized JPA EntityManagerFactory for persistence unit 'default'
2025-03-07T10:39:18.822+05:30  WARN 31468 --- [StatisticsMicroservice] [restartedMain] JpaBaseConfiguration$JpaWebConfiguration : spring.jpa.open-in-view is enabled by default. Therefore, database queries may be performed during view rendering. Explicitly configure spring.jpa.open-in-view to disable this warning
2025-03-07T10:39:19.160+05:30  WARN 31468 --- [StatisticsMicroservice] [restartedMain] o.s.b.d.a.OptionalLiveReloadServer       : Unable to start LiveReload server
2025-03-07T10:39:20.080+05:30  INFO 31468 --- [StatisticsMicroservice] [restartedMain] o.s.c.openfeign.FeignClientFactoryBean   : For 'EXPENSEMICROSERVICE' URL not provided. Will try picking an instance via load-balancing.
2025-03-07T10:39:21.802+05:30  INFO 31468 --- [StatisticsMicroservice] [restartedMain] o.s.c.openfeign.FeignClientFactoryBean   : For 'INCOMEMICROSERVICE' URL not provided. Will try picking an instance via load-balancing.
2025-03-07T10:39:25.268+05:30  INFO 31468 --- [StatisticsMicroservice] [restartedMain] DiscoveryClientOptionalArgsConfiguration : Eureka HTTP Client uses RestTemplate.
2025-03-07T10:39:25.393+05:30  WARN 31468 --- [StatisticsMicroservice] [restartedMain] iguration$LoadBalancerCaffeineWarnLogger : Spring Cloud LoadBalancer is currently working with the default cache. While this cache implementation is useful for development and tests, it's recommended to use Caffeine cache in production.You can switch to using Caffeine cache, by adding it and org.springframework.cache.caffeine.CaffeineCacheManager to the classpath.
2025-03-07T10:39:25.584+05:30  INFO 31468 --- [StatisticsMicroservice] [restartedMain] o.s.c.n.eureka.InstanceInfoFactory       : Setting initial instance status as: STARTING
2025-03-07T10:39:25.658+05:30  INFO 31468 --- [StatisticsMicroservice] [restartedMain] com.netflix.discovery.DiscoveryClient    : Initializing Eureka in region us-east-1
2025-03-07T10:39:25.674+05:30  INFO 31468 --- [StatisticsMicroservice] [restartedMain] c.n.d.s.r.aws.ConfigClusterResolver      : Resolving eureka endpoints via configuration
2025-03-07T10:39:25.706+05:30  INFO 31468 --- [StatisticsMicroservice] [restartedMain] com.netflix.discovery.DiscoveryClient    : Disable delta property : false
2025-03-07T10:39:25.706+05:30  INFO 31468 --- [StatisticsMicroservice] [restartedMain] com.netflix.discovery.DiscoveryClient    : Single vip registry refresh property : null
2025-03-07T10:39:25.706+05:30  INFO 31468 --- [StatisticsMicroservice] [restartedMain] com.netflix.discovery.DiscoveryClient    : Force full registry fetch : false
2025-03-07T10:39:25.706+05:30  INFO 31468 --- [StatisticsMicroservice] [restartedMain] com.netflix.discovery.DiscoveryClient    : Application is null : false
2025-03-07T10:39:25.706+05:30  INFO 31468 --- [StatisticsMicroservice] [restartedMain] com.netflix.discovery.DiscoveryClient    : Registered Applications size is zero : true
2025-03-07T10:39:25.706+05:30  INFO 31468 --- [StatisticsMicroservice] [restartedMain] com.netflix.discovery.DiscoveryClient    : Application version is -1: true
2025-03-07T10:39:25.706+05:30  INFO 31468 --- [StatisticsMicroservice] [restartedMain] com.netflix.discovery.DiscoveryClient    : Getting all instance registry info from the eureka server
2025-03-07T10:39:26.442+05:30  INFO 31468 --- [StatisticsMicroservice] [restartedMain] com.netflix.discovery.DiscoveryClient    : The response status is 200
2025-03-07T10:39:26.457+05:30  INFO 31468 --- [StatisticsMicroservice] [restartedMain] com.netflix.discovery.DiscoveryClient    : Starting heartbeat executor: renew interval is: 30
2025-03-07T10:39:26.489+05:30  INFO 31468 --- [StatisticsMicroservice] [restartedMain] c.n.discovery.InstanceInfoReplicator     : InstanceInfoReplicator onDemand update allowed rate per min is 4
2025-03-07T10:39:26.489+05:30  INFO 31468 --- [StatisticsMicroservice] [restartedMain] com.netflix.discovery.DiscoveryClient    : Discovery Client initialized at timestamp 1741324166489 with initial instances count: 1
2025-03-07T10:39:26.520+05:30  INFO 31468 --- [StatisticsMicroservice] [restartedMain] o.s.c.n.e.s.EurekaServiceRegistry        : Registering application STATISTICSMICROSERVICE with eureka with status UP
2025-03-07T10:39:26.523+05:30  INFO 31468 --- [StatisticsMicroservice] [restartedMain] com.netflix.discovery.DiscoveryClient    : Saw local status change event StatusChangeEvent [timestamp=1741324166523, current=UP, previous=STARTING]
2025-03-07T10:39:26.523+05:30  INFO 31468 --- [StatisticsMicroservice] [DiscoveryClient-InstanceInfoReplicator-%d] com.netflix.discovery.DiscoveryClient    : DiscoveryClient_STATISTICSMICROSERVICE/LTIN563691.cts.com:StatisticsMicroservice:8084: registering service...
2025-03-07T10:39:26.578+05:30  INFO 31468 --- [StatisticsMicroservice] [restartedMain] o.s.b.w.embedded.tomcat.TomcatWebServer  : Tomcat started on port 8084 (http) with context path '/'
2025-03-07T10:39:26.587+05:30  INFO 31468 --- [StatisticsMicroservice] [restartedMain] .s.c.n.e.s.EurekaAutoServiceRegistration : Updating port to 8084
2025-03-07T10:39:26.598+05:30  INFO 31468 --- [StatisticsMicroservice] [restartedMain] c.p.s.StatisticsMicroserviceApplication  : Started StatisticsMicroserviceApplication in 34.706 seconds (process running for 36.643)
2025-03-07T10:39:26.644+05:30  INFO 31468 --- [StatisticsMicroservice] [DiscoveryClient-InstanceInfoReplicator-%d] com.netflix.discovery.DiscoveryClient    : DiscoveryClient_STATISTICSMICROSERVICE/LTIN563691.cts.com:StatisticsMicroservice:8084 - registration status: 204
2025-03-07T10:44:25.723+05:30  INFO 31468 --- [StatisticsMicroservice] [AsyncResolver-bootstrap-executor-%d] c.n.d.s.r.aws.ConfigClusterResolver      : Resolving eureka endpoints via configuration
2025-03-07T10:49:25.740+05:30  INFO 31468 --- [StatisticsMicroservice] [AsyncResolver-bootstrap-executor-%d] c.n.d.s.r.aws.ConfigClusterResolver      : Resolving eureka endpoints via configuration
2025-03-07T10:54:25.753+05:30  INFO 31468 --- [StatisticsMicroservice] [AsyncResolver-bootstrap-executor-%d] c.n.d.s.r.aws.ConfigClusterResolver      : Resolving eureka endpoints via configuration
2025-03-07T10:59:25.756+05:30  INFO 31468 --- [StatisticsMicroservice] [AsyncResolver-bootstrap-executor-%d] c.n.d.s.r.aws.ConfigClusterResolver      : Resolving eureka endpoints via configuration
2025-03-07T11:04:25.768+05:30  INFO 31468 --- [StatisticsMicroservice] [AsyncResolver-bootstrap-executor-%d] c.n.d.s.r.aws.ConfigClusterResolver      : Resolving eureka endpoints via configuration
2025-03-07T11:09:25.774+05:30  INFO 31468 --- [StatisticsMicroservice] [AsyncResolver-bootstrap-executor-%d] c.n.d.s.r.aws.ConfigClusterResolver      : Resolving eureka endpoints via configuration
2025-03-07T11:14:25.779+05:30  INFO 31468 --- [StatisticsMicroservice] [AsyncResolver-bootstrap-executor-%d] c.n.d.s.r.aws.ConfigClusterResolver      : Resolving eureka endpoints via configuration
2025-03-07T11:17:39.622+05:30  INFO 31468 --- [StatisticsMicroservice] [http-nio-8084-exec-1] o.a.c.c.C.[Tomcat].[localhost].[/]       : Initializing Spring DispatcherServlet 'dispatcherServlet'
2025-03-07T11:17:39.622+05:30  INFO 31468 --- [StatisticsMicroservice] [http-nio-8084-exec-1] o.s.web.servlet.DispatcherServlet        : Initializing Servlet 'dispatcherServlet'
2025-03-07T11:17:39.625+05:30  INFO 31468 --- [StatisticsMicroservice] [http-nio-8084-exec-1] o.s.web.servlet.DispatcherServlet        : Completed initialization in 2 ms
2025-03-07T11:17:39.669+05:30  INFO 31468 --- [StatisticsMicroservice] [http-nio-8084-exec-1] c.project.statistics.aop.LoggingAspect   : Entering method: getDashboard with arguments: []
2025-03-07T11:17:39.669+05:30  INFO 31468 --- [StatisticsMicroservice] [http-nio-8084-exec-1] c.project.statistics.aop.LoggingAspect   : Exiting method: getDashboard with result: This is the dashboard page
2025-03-07T11:17:39.692+05:30  INFO 31468 --- [StatisticsMicroservice] [http-nio-8084-exec-8] c.project.statistics.aop.LoggingAspect   : Entering method: getDashboard with arguments: []
2025-03-07T11:17:39.692+05:30  INFO 31468 --- [StatisticsMicroservice] [http-nio-8084-exec-8] c.project.statistics.aop.LoggingAspect   : Exiting method: getDashboard with result: This is the dashboard page
2025-03-07T11:18:23.184+05:30  INFO 31468 --- [StatisticsMicroservice] [http-nio-8084-exec-9] c.project.statistics.aop.LoggingAspect   : Entering method: getDashboard with arguments: []
2025-03-07T11:18:23.185+05:30  INFO 31468 --- [StatisticsMicroservice] [http-nio-8084-exec-9] c.project.statistics.aop.LoggingAspect   : Exiting method: getDashboard with result: This is the dashboard page
2025-03-07T11:18:23.199+05:30  INFO 31468 --- [StatisticsMicroservice] [http-nio-8084-exec-10] c.project.statistics.aop.LoggingAspect   : Entering method: getDashboard with arguments: []
2025-03-07T11:18:23.200+05:30  INFO 31468 --- [StatisticsMicroservice] [http-nio-8084-exec-10] c.project.statistics.aop.LoggingAspect   : Exiting method: getDashboard with result: This is the dashboard page
2025-03-07T11:18:25.635+05:30  INFO 31468 --- [StatisticsMicroservice] [http-nio-8084-exec-2] c.project.statistics.aop.LoggingAspect   : Entering method: getStats with arguments: [1]
2025-03-07T11:18:26.218+05:30  INFO 31468 --- [StatisticsMicroservice] [http-nio-8084-exec-2] c.project.statistics.aop.LoggingAspect   : Exiting method: getStats with result: StatsDTO(totalIncome=16189.0, totalExpense=10429.0, balance=5760.0)
2025-03-07T11:18:26.286+05:30  INFO 31468 --- [StatisticsMicroservice] [http-nio-8084-exec-3] c.project.statistics.aop.LoggingAspect   : Entering method: getStats with arguments: [1]
2025-03-07T11:18:26.321+05:30  INFO 31468 --- [StatisticsMicroservice] [http-nio-8084-exec-3] c.project.statistics.aop.LoggingAspect   : Exiting method: getStats with result: StatsDTO(totalIncome=16189.0, totalExpense=10429.0, balance=5760.0)
2025-03-07T11:18:37.682+05:30  INFO 31468 --- [StatisticsMicroservice] [http-nio-8084-exec-4] c.project.statistics.aop.LoggingAspect   : Entering method: getDashboard with arguments: []
2025-03-07T11:18:37.682+05:30  INFO 31468 --- [StatisticsMicroservice] [http-nio-8084-exec-4] c.project.statistics.aop.LoggingAspect   : Exiting method: getDashboard with result: This is the dashboard page
2025-03-07T11:18:37.699+05:30  INFO 31468 --- [StatisticsMicroservice] [http-nio-8084-exec-5] c.project.statistics.aop.LoggingAspect   : Entering method: getDashboard with arguments: []
2025-03-07T11:18:37.700+05:30  INFO 31468 --- [StatisticsMicroservice] [http-nio-8084-exec-5] c.project.statistics.aop.LoggingAspect   : Exiting method: getDashboard with result: This is the dashboard page
2025-03-07T11:18:57.192+05:30  INFO 31468 --- [StatisticsMicroservice] [http-nio-8084-exec-6] c.project.statistics.aop.LoggingAspect   : Entering method: getStats with arguments: [1]
2025-03-07T11:18:57.212+05:30  INFO 31468 --- [StatisticsMicroservice] [http-nio-8084-exec-6] c.project.statistics.aop.LoggingAspect   : Exiting method: getStats with result: StatsDTO(totalIncome=16189.0, totalExpense=10429.0, balance=5760.0)
2025-03-07T11:18:57.229+05:30  INFO 31468 --- [StatisticsMicroservice] [http-nio-8084-exec-7] c.project.statistics.aop.LoggingAspect   : Entering method: getStats with arguments: [1]
2025-03-07T11:18:57.256+05:30  INFO 31468 --- [StatisticsMicroservice] [http-nio-8084-exec-7] c.project.statistics.aop.LoggingAspect   : Exiting method: getStats with result: StatsDTO(totalIncome=16189.0, totalExpense=10429.0, balance=5760.0)
2025-03-07T11:19:25.785+05:30  INFO 31468 --- [StatisticsMicroservice] [AsyncResolver-bootstrap-executor-%d] c.n.d.s.r.aws.ConfigClusterResolver      : Resolving eureka endpoints via configuration
2025-03-07T11:24:25.794+05:30  INFO 31468 --- [StatisticsMicroservice] [AsyncResolver-bootstrap-executor-%d] c.n.d.s.r.aws.ConfigClusterResolver      : Resolving eureka endpoints via configuration
2025-03-07T11:38:48.838+05:30  INFO 27180 --- [StatisticsMicroservice] [restartedMain] c.p.s.StatisticsMicroserviceApplication  : Starting StatisticsMicroserviceApplication using Java 23.0.1 with PID 27180 (C:\Users\2380378\git\repository2\StatisticsMicroservice\target\classes started by 2380378 in C:\Users\2380378\git\repository2\StatisticsMicroservice)
2025-03-07T11:38:48.845+05:30  INFO 27180 --- [StatisticsMicroservice] [restartedMain] c.p.s.StatisticsMicroserviceApplication  : No active profile set, falling back to 1 default profile: "default"
2025-03-07T11:38:49.033+05:30  INFO 27180 --- [StatisticsMicroservice] [restartedMain] o.s.c.c.c.ConfigServerConfigDataLoader   : Fetching config from server at : http://localhost:1234
2025-03-07T11:38:49.033+05:30  INFO 27180 --- [StatisticsMicroservice] [restartedMain] o.s.c.c.c.ConfigServerConfigDataLoader   : Located environment: name=StatisticsMicroservice, profiles=[default], label=null, version=1dff4b47742c2cdc9dc5510bcbe0b48d1fb5e6dc, state=
2025-03-07T11:38:49.039+05:30  INFO 27180 --- [StatisticsMicroservice] [restartedMain] .e.DevToolsPropertyDefaultsPostProcessor : Devtools property defaults active! Set 'spring.devtools.add-properties' to 'false' to disable
2025-03-07T11:38:49.040+05:30  INFO 27180 --- [StatisticsMicroservice] [restartedMain] .e.DevToolsPropertyDefaultsPostProcessor : For additional web related logging consider setting the 'logging.level.web' property to 'DEBUG'
2025-03-07T11:38:51.964+05:30  INFO 27180 --- [StatisticsMicroservice] [restartedMain] .s.d.r.c.RepositoryConfigurationDelegate : Bootstrapping Spring Data JPA repositories in DEFAULT mode.
2025-03-07T11:38:52.493+05:30  INFO 27180 --- [StatisticsMicroservice] [restartedMain] .s.d.r.c.RepositoryConfigurationDelegate : Finished Spring Data repository scanning in 497 ms. Found 1 JPA repository interface.
2025-03-07T11:38:53.359+05:30  INFO 27180 --- [StatisticsMicroservice] [restartedMain] o.s.cloud.context.scope.GenericScope     : BeanFactory id=b1522cfe-ab55-3311-b644-52df8a958d45
2025-03-07T11:38:55.315+05:30  INFO 27180 --- [StatisticsMicroservice] [restartedMain] o.s.b.w.embedded.tomcat.TomcatWebServer  : Tomcat initialized with port 8084 (http)
2025-03-07T11:38:55.358+05:30  INFO 27180 --- [StatisticsMicroservice] [restartedMain] o.apache.catalina.core.StandardService   : Starting service [Tomcat]
2025-03-07T11:38:55.359+05:30  INFO 27180 --- [StatisticsMicroservice] [restartedMain] o.apache.catalina.core.StandardEngine    : Starting Servlet engine: [Apache Tomcat/10.1.34]
2025-03-07T11:38:55.593+05:30  INFO 27180 --- [StatisticsMicroservice] [restartedMain] o.a.c.c.C.[Tomcat].[localhost].[/]       : Initializing Spring embedded WebApplicationContext
2025-03-07T11:38:55.594+05:30  INFO 27180 --- [StatisticsMicroservice] [restartedMain] w.s.c.ServletWebServerApplicationContext : Root WebApplicationContext: initialization completed in 6552 ms
2025-03-07T11:38:56.093+05:30  INFO 27180 --- [StatisticsMicroservice] [restartedMain] o.hibernate.jpa.internal.util.LogHelper  : HHH000204: Processing PersistenceUnitInfo [name: default]
2025-03-07T11:38:56.278+05:30  INFO 27180 --- [StatisticsMicroservice] [restartedMain] org.hibernate.Version                    : HHH000412: Hibernate ORM core version 6.6.5.Final
2025-03-07T11:38:56.414+05:30  INFO 27180 --- [StatisticsMicroservice] [restartedMain] o.h.c.internal.RegionFactoryInitiator    : HHH000026: Second-level cache disabled
2025-03-07T11:38:57.326+05:30  INFO 27180 --- [StatisticsMicroservice] [restartedMain] o.s.o.j.p.SpringPersistenceUnitInfo      : No LoadTimeWeaver setup: ignoring JPA class transformer
2025-03-07T11:38:57.438+05:30  INFO 27180 --- [StatisticsMicroservice] [restartedMain] com.zaxxer.hikari.HikariDataSource       : HikariPool-1 - Starting...
2025-03-07T11:38:58.564+05:30  INFO 27180 --- [StatisticsMicroservice] [restartedMain] com.zaxxer.hikari.pool.HikariPool        : HikariPool-1 - Added connection com.mysql.cj.jdbc.ConnectionImpl@3b0d9ae6
2025-03-07T11:38:58.571+05:30  INFO 27180 --- [StatisticsMicroservice] [restartedMain] com.zaxxer.hikari.HikariDataSource       : HikariPool-1 - Start completed.
2025-03-07T11:38:58.700+05:30  WARN 27180 --- [StatisticsMicroservice] [restartedMain] org.hibernate.orm.deprecation            : HHH90000025: MySQLDialect does not need to be specified explicitly using 'hibernate.dialect' (remove the property setting and it will be selected by default)
2025-03-07T11:38:58.766+05:30  INFO 27180 --- [StatisticsMicroservice] [restartedMain] org.hibernate.orm.connections.pooling    : HHH10001005: Database info:
	Database JDBC URL [Connecting through datasource 'HikariDataSource (HikariPool-1)']
	Database driver: undefined/unknown
	Database version: 8.0.40
	Autocommit mode: undefined/unknown
	Isolation level: undefined/unknown
	Minimum pool size: undefined/unknown
	Maximum pool size: undefined/unknown
2025-03-07T11:39:00.379+05:30  INFO 27180 --- [StatisticsMicroservice] [restartedMain] o.h.e.t.j.p.i.JtaPlatformInitiator       : HHH000489: No JTA platform available (set 'hibernate.transaction.jta.platform' to enable JTA platform integration)
2025-03-07T11:39:00.482+05:30  INFO 27180 --- [StatisticsMicroservice] [restartedMain] j.LocalContainerEntityManagerFactoryBean : Initialized JPA EntityManagerFactory for persistence unit 'default'
2025-03-07T11:39:00.771+05:30  WARN 27180 --- [StatisticsMicroservice] [restartedMain] JpaBaseConfiguration$JpaWebConfiguration : spring.jpa.open-in-view is enabled by default. Therefore, database queries may be performed during view rendering. Explicitly configure spring.jpa.open-in-view to disable this warning
2025-03-07T11:39:01.004+05:30  WARN 27180 --- [StatisticsMicroservice] [restartedMain] o.s.b.d.a.OptionalLiveReloadServer       : Unable to start LiveReload server
2025-03-07T11:39:01.238+05:30  INFO 27180 --- [StatisticsMicroservice] [restartedMain] o.s.c.openfeign.FeignClientFactoryBean   : For 'EXPENSEMICROSERVICE' URL not provided. Will try picking an instance via load-balancing.
2025-03-07T11:39:01.422+05:30  INFO 27180 --- [StatisticsMicroservice] [restartedMain] o.s.c.openfeign.FeignClientFactoryBean   : For 'INCOMEMICROSERVICE' URL not provided. Will try picking an instance via load-balancing.
2025-03-07T11:39:03.591+05:30  INFO 27180 --- [StatisticsMicroservice] [restartedMain] DiscoveryClientOptionalArgsConfiguration : Eureka HTTP Client uses RestTemplate.
2025-03-07T11:39:03.703+05:30  WARN 27180 --- [StatisticsMicroservice] [restartedMain] iguration$LoadBalancerCaffeineWarnLogger : Spring Cloud LoadBalancer is currently working with the default cache. While this cache implementation is useful for development and tests, it's recommended to use Caffeine cache in production.You can switch to using Caffeine cache, by adding it and org.springframework.cache.caffeine.CaffeineCacheManager to the classpath.
2025-03-07T11:39:03.824+05:30  INFO 27180 --- [StatisticsMicroservice] [restartedMain] o.s.c.n.eureka.InstanceInfoFactory       : Setting initial instance status as: STARTING
2025-03-07T11:39:03.875+05:30  INFO 27180 --- [StatisticsMicroservice] [restartedMain] com.netflix.discovery.DiscoveryClient    : Initializing Eureka in region us-east-1
2025-03-07T11:39:03.885+05:30  INFO 27180 --- [StatisticsMicroservice] [restartedMain] c.n.d.s.r.aws.ConfigClusterResolver      : Resolving eureka endpoints via configuration
2025-03-07T11:39:03.907+05:30  INFO 27180 --- [StatisticsMicroservice] [restartedMain] com.netflix.discovery.DiscoveryClient    : Disable delta property : false
2025-03-07T11:39:03.908+05:30  INFO 27180 --- [StatisticsMicroservice] [restartedMain] com.netflix.discovery.DiscoveryClient    : Single vip registry refresh property : null
2025-03-07T11:39:03.908+05:30  INFO 27180 --- [StatisticsMicroservice] [restartedMain] com.netflix.discovery.DiscoveryClient    : Force full registry fetch : false
2025-03-07T11:39:03.908+05:30  INFO 27180 --- [StatisticsMicroservice] [restartedMain] com.netflix.discovery.DiscoveryClient    : Application is null : false
2025-03-07T11:39:03.908+05:30  INFO 27180 --- [StatisticsMicroservice] [restartedMain] com.netflix.discovery.DiscoveryClient    : Registered Applications size is zero : true
2025-03-07T11:39:03.908+05:30  INFO 27180 --- [StatisticsMicroservice] [restartedMain] com.netflix.discovery.DiscoveryClient    : Application version is -1: true
2025-03-07T11:39:03.909+05:30  INFO 27180 --- [StatisticsMicroservice] [restartedMain] com.netflix.discovery.DiscoveryClient    : Getting all instance registry info from the eureka server
2025-03-07T11:39:04.490+05:30  INFO 27180 --- [StatisticsMicroservice] [restartedMain] com.netflix.discovery.DiscoveryClient    : The response status is 200
2025-03-07T11:39:04.495+05:30  INFO 27180 --- [StatisticsMicroservice] [restartedMain] com.netflix.discovery.DiscoveryClient    : Starting heartbeat executor: renew interval is: 30
2025-03-07T11:39:04.500+05:30  INFO 27180 --- [StatisticsMicroservice] [restartedMain] c.n.discovery.InstanceInfoReplicator     : InstanceInfoReplicator onDemand update allowed rate per min is 4
2025-03-07T11:39:04.503+05:30  INFO 27180 --- [StatisticsMicroservice] [restartedMain] com.netflix.discovery.DiscoveryClient    : Discovery Client initialized at timestamp 1741327744503 with initial instances count: 4
2025-03-07T11:39:04.523+05:30  INFO 27180 --- [StatisticsMicroservice] [restartedMain] o.s.c.n.e.s.EurekaServiceRegistry        : Registering application STATISTICSMICROSERVICE with eureka with status UP
2025-03-07T11:39:04.524+05:30  INFO 27180 --- [StatisticsMicroservice] [restartedMain] com.netflix.discovery.DiscoveryClient    : Saw local status change event StatusChangeEvent [timestamp=1741327744524, current=UP, previous=STARTING]
2025-03-07T11:39:04.529+05:30  INFO 27180 --- [StatisticsMicroservice] [DiscoveryClient-InstanceInfoReplicator-%d] com.netflix.discovery.DiscoveryClient    : DiscoveryClient_STATISTICSMICROSERVICE/LTIN563691.cts.com:StatisticsMicroservice:8084: registering service...
2025-03-07T11:39:04.573+05:30  INFO 27180 --- [StatisticsMicroservice] [restartedMain] o.s.b.w.embedded.tomcat.TomcatWebServer  : Tomcat started on port 8084 (http) with context path '/'
2025-03-07T11:39:04.575+05:30  INFO 27180 --- [StatisticsMicroservice] [restartedMain] .s.c.n.e.s.EurekaAutoServiceRegistration : Updating port to 8084
2025-03-07T11:39:04.597+05:30  INFO 27180 --- [StatisticsMicroservice] [restartedMain] c.p.s.StatisticsMicroserviceApplication  : Started StatisticsMicroserviceApplication in 20.305 seconds (process running for 23.556)
2025-03-07T11:39:04.627+05:30  INFO 27180 --- [StatisticsMicroservice] [DiscoveryClient-InstanceInfoReplicator-%d] com.netflix.discovery.DiscoveryClient    : DiscoveryClient_STATISTICSMICROSERVICE/LTIN563691.cts.com:StatisticsMicroservice:8084 - registration status: 204
2025-03-07T11:44:03.924+05:30  INFO 27180 --- [StatisticsMicroservice] [AsyncResolver-bootstrap-executor-%d] c.n.d.s.r.aws.ConfigClusterResolver      : Resolving eureka endpoints via configuration
2025-03-07T12:09:32.069+05:30  WARN 27180 --- [StatisticsMicroservice] [HikariPool-1 housekeeper] com.zaxxer.hikari.pool.HikariPool        : HikariPool-1 - Thread starvation or clock leap detected (housekeeper delta=24m33s301ms269µs900ns).
2025-03-07T12:13:07.218+05:30  INFO 27180 --- [StatisticsMicroservice] [AsyncResolver-bootstrap-executor-%d] c.n.d.s.r.aws.ConfigClusterResolver      : Resolving eureka endpoints via configuration
2025-03-07T12:43:36.413+05:30  INFO 12248 --- [StatisticsMicroservice] [restartedMain] c.p.s.StatisticsMicroserviceApplication  : Starting StatisticsMicroserviceApplication using Java 23.0.1 with PID 12248 (C:\Users\2380378\git\repository2\StatisticsMicroservice\target\classes started by 2380378 in C:\Users\2380378\git\repository2\StatisticsMicroservice)
2025-03-07T12:43:36.419+05:30  INFO 12248 --- [StatisticsMicroservice] [restartedMain] c.p.s.StatisticsMicroserviceApplication  : No active profile set, falling back to 1 default profile: "default"
2025-03-07T12:43:36.556+05:30  INFO 12248 --- [StatisticsMicroservice] [restartedMain] o.s.c.c.c.ConfigServerConfigDataLoader   : Fetching config from server at : http://localhost:1234
2025-03-07T12:43:36.557+05:30  INFO 12248 --- [StatisticsMicroservice] [restartedMain] o.s.c.c.c.ConfigServerConfigDataLoader   : Located environment: name=StatisticsMicroservice, profiles=[default], label=null, version=1dff4b47742c2cdc9dc5510bcbe0b48d1fb5e6dc, state=
2025-03-07T12:43:36.563+05:30  INFO 12248 --- [StatisticsMicroservice] [restartedMain] .e.DevToolsPropertyDefaultsPostProcessor : Devtools property defaults active! Set 'spring.devtools.add-properties' to 'false' to disable
2025-03-07T12:43:36.564+05:30  INFO 12248 --- [StatisticsMicroservice] [restartedMain] .e.DevToolsPropertyDefaultsPostProcessor : For additional web related logging consider setting the 'logging.level.web' property to 'DEBUG'
2025-03-07T12:43:39.437+05:30  INFO 12248 --- [StatisticsMicroservice] [restartedMain] .s.d.r.c.RepositoryConfigurationDelegate : Bootstrapping Spring Data JPA repositories in DEFAULT mode.
2025-03-07T12:43:40.075+05:30  INFO 12248 --- [StatisticsMicroservice] [restartedMain] .s.d.r.c.RepositoryConfigurationDelegate : Finished Spring Data repository scanning in 601 ms. Found 1 JPA repository interface.
2025-03-07T12:43:41.157+05:30  INFO 12248 --- [StatisticsMicroservice] [restartedMain] o.s.cloud.context.scope.GenericScope     : BeanFactory id=b1522cfe-ab55-3311-b644-52df8a958d45
2025-03-07T12:43:43.594+05:30  INFO 12248 --- [StatisticsMicroservice] [restartedMain] o.s.b.w.embedded.tomcat.TomcatWebServer  : Tomcat initialized with port 8084 (http)
2025-03-07T12:43:43.637+05:30  INFO 12248 --- [StatisticsMicroservice] [restartedMain] o.apache.catalina.core.StandardService   : Starting service [Tomcat]
2025-03-07T12:43:43.638+05:30  INFO 12248 --- [StatisticsMicroservice] [restartedMain] o.apache.catalina.core.StandardEngine    : Starting Servlet engine: [Apache Tomcat/10.1.34]
2025-03-07T12:43:43.908+05:30  INFO 12248 --- [StatisticsMicroservice] [restartedMain] o.a.c.c.C.[Tomcat].[localhost].[/]       : Initializing Spring embedded WebApplicationContext
2025-03-07T12:43:43.910+05:30  INFO 12248 --- [StatisticsMicroservice] [restartedMain] w.s.c.ServletWebServerApplicationContext : Root WebApplicationContext: initialization completed in 7344 ms
2025-03-07T12:43:44.658+05:30  INFO 12248 --- [StatisticsMicroservice] [restartedMain] o.hibernate.jpa.internal.util.LogHelper  : HHH000204: Processing PersistenceUnitInfo [name: default]
2025-03-07T12:43:44.900+05:30  INFO 12248 --- [StatisticsMicroservice] [restartedMain] org.hibernate.Version                    : HHH000412: Hibernate ORM core version 6.6.5.Final
2025-03-07T12:43:45.064+05:30  INFO 12248 --- [StatisticsMicroservice] [restartedMain] o.h.c.internal.RegionFactoryInitiator    : HHH000026: Second-level cache disabled
2025-03-07T12:43:46.097+05:30  INFO 12248 --- [StatisticsMicroservice] [restartedMain] o.s.o.j.p.SpringPersistenceUnitInfo      : No LoadTimeWeaver setup: ignoring JPA class transformer
2025-03-07T12:43:46.190+05:30  INFO 12248 --- [StatisticsMicroservice] [restartedMain] com.zaxxer.hikari.HikariDataSource       : HikariPool-1 - Starting...
2025-03-07T12:43:47.363+05:30  INFO 12248 --- [StatisticsMicroservice] [restartedMain] com.zaxxer.hikari.pool.HikariPool        : HikariPool-1 - Added connection com.mysql.cj.jdbc.ConnectionImpl@2e803a5c
2025-03-07T12:43:47.370+05:30  INFO 12248 --- [StatisticsMicroservice] [restartedMain] com.zaxxer.hikari.HikariDataSource       : HikariPool-1 - Start completed.
2025-03-07T12:43:47.531+05:30  WARN 12248 --- [StatisticsMicroservice] [restartedMain] org.hibernate.orm.deprecation            : HHH90000025: MySQLDialect does not need to be specified explicitly using 'hibernate.dialect' (remove the property setting and it will be selected by default)
2025-03-07T12:43:47.591+05:30  INFO 12248 --- [StatisticsMicroservice] [restartedMain] org.hibernate.orm.connections.pooling    : HHH10001005: Database info:
	Database JDBC URL [Connecting through datasource 'HikariDataSource (HikariPool-1)']
	Database driver: undefined/unknown
	Database version: 8.0.40
	Autocommit mode: undefined/unknown
	Isolation level: undefined/unknown
	Minimum pool size: undefined/unknown
	Maximum pool size: undefined/unknown
2025-03-07T12:43:50.292+05:30  INFO 12248 --- [StatisticsMicroservice] [restartedMain] o.h.e.t.j.p.i.JtaPlatformInitiator       : HHH000489: No JTA platform available (set 'hibernate.transaction.jta.platform' to enable JTA platform integration)
2025-03-07T12:43:50.428+05:30  INFO 12248 --- [StatisticsMicroservice] [restartedMain] j.LocalContainerEntityManagerFactoryBean : Initialized JPA EntityManagerFactory for persistence unit 'default'
2025-03-07T12:43:50.907+05:30  WARN 12248 --- [StatisticsMicroservice] [restartedMain] JpaBaseConfiguration$JpaWebConfiguration : spring.jpa.open-in-view is enabled by default. Therefore, database queries may be performed during view rendering. Explicitly configure spring.jpa.open-in-view to disable this warning
2025-03-07T12:43:51.196+05:30  WARN 12248 --- [StatisticsMicroservice] [restartedMain] o.s.b.d.a.OptionalLiveReloadServer       : Unable to start LiveReload server
2025-03-07T12:43:51.447+05:30  INFO 12248 --- [StatisticsMicroservice] [restartedMain] o.s.c.openfeign.FeignClientFactoryBean   : For 'EXPENSEMICROSERVICE' URL not provided. Will try picking an instance via load-balancing.
2025-03-07T12:43:51.617+05:30  INFO 12248 --- [StatisticsMicroservice] [restartedMain] o.s.c.openfeign.FeignClientFactoryBean   : For 'INCOMEMICROSERVICE' URL not provided. Will try picking an instance via load-balancing.
2025-03-07T12:43:54.849+05:30  INFO 12248 --- [StatisticsMicroservice] [restartedMain] DiscoveryClientOptionalArgsConfiguration : Eureka HTTP Client uses RestTemplate.
2025-03-07T12:43:54.972+05:30  WARN 12248 --- [StatisticsMicroservice] [restartedMain] iguration$LoadBalancerCaffeineWarnLogger : Spring Cloud LoadBalancer is currently working with the default cache. While this cache implementation is useful for development and tests, it's recommended to use Caffeine cache in production.You can switch to using Caffeine cache, by adding it and org.springframework.cache.caffeine.CaffeineCacheManager to the classpath.
2025-03-07T12:43:55.172+05:30  INFO 12248 --- [StatisticsMicroservice] [restartedMain] o.s.c.n.eureka.InstanceInfoFactory       : Setting initial instance status as: STARTING
2025-03-07T12:43:55.272+05:30  INFO 12248 --- [StatisticsMicroservice] [restartedMain] com.netflix.discovery.DiscoveryClient    : Initializing Eureka in region us-east-1
2025-03-07T12:43:55.295+05:30  INFO 12248 --- [StatisticsMicroservice] [restartedMain] c.n.d.s.r.aws.ConfigClusterResolver      : Resolving eureka endpoints via configuration
2025-03-07T12:43:55.333+05:30  INFO 12248 --- [StatisticsMicroservice] [restartedMain] com.netflix.discovery.DiscoveryClient    : Disable delta property : false
2025-03-07T12:43:55.333+05:30  INFO 12248 --- [StatisticsMicroservice] [restartedMain] com.netflix.discovery.DiscoveryClient    : Single vip registry refresh property : null
2025-03-07T12:43:55.334+05:30  INFO 12248 --- [StatisticsMicroservice] [restartedMain] com.netflix.discovery.DiscoveryClient    : Force full registry fetch : false
2025-03-07T12:43:55.334+05:30  INFO 12248 --- [StatisticsMicroservice] [restartedMain] com.netflix.discovery.DiscoveryClient    : Application is null : false
2025-03-07T12:43:55.335+05:30  INFO 12248 --- [StatisticsMicroservice] [restartedMain] com.netflix.discovery.DiscoveryClient    : Registered Applications size is zero : true
2025-03-07T12:43:55.337+05:30  INFO 12248 --- [StatisticsMicroservice] [restartedMain] com.netflix.discovery.DiscoveryClient    : Application version is -1: true
2025-03-07T12:43:55.338+05:30  INFO 12248 --- [StatisticsMicroservice] [restartedMain] com.netflix.discovery.DiscoveryClient    : Getting all instance registry info from the eureka server
2025-03-07T12:43:56.208+05:30  INFO 12248 --- [StatisticsMicroservice] [restartedMain] com.netflix.discovery.DiscoveryClient    : The response status is 200
2025-03-07T12:43:56.212+05:30  INFO 12248 --- [StatisticsMicroservice] [restartedMain] com.netflix.discovery.DiscoveryClient    : Starting heartbeat executor: renew interval is: 30
2025-03-07T12:43:56.218+05:30  INFO 12248 --- [StatisticsMicroservice] [restartedMain] c.n.discovery.InstanceInfoReplicator     : InstanceInfoReplicator onDemand update allowed rate per min is 4
2025-03-07T12:43:56.224+05:30  INFO 12248 --- [StatisticsMicroservice] [restartedMain] com.netflix.discovery.DiscoveryClient    : Discovery Client initialized at timestamp 1741331636223 with initial instances count: 1
2025-03-07T12:43:56.246+05:30  INFO 12248 --- [StatisticsMicroservice] [restartedMain] o.s.c.n.e.s.EurekaServiceRegistry        : Registering application STATISTICSMICROSERVICE with eureka with status UP
2025-03-07T12:43:56.248+05:30  INFO 12248 --- [StatisticsMicroservice] [restartedMain] com.netflix.discovery.DiscoveryClient    : Saw local status change event StatusChangeEvent [timestamp=1741331636248, current=UP, previous=STARTING]
2025-03-07T12:43:56.252+05:30  INFO 12248 --- [StatisticsMicroservice] [DiscoveryClient-InstanceInfoReplicator-%d] com.netflix.discovery.DiscoveryClient    : DiscoveryClient_STATISTICSMICROSERVICE/LTIN563691.cts.com:StatisticsMicroservice:8084: registering service...
2025-03-07T12:43:56.310+05:30  INFO 12248 --- [StatisticsMicroservice] [restartedMain] o.s.b.w.embedded.tomcat.TomcatWebServer  : Tomcat started on port 8084 (http) with context path '/'
2025-03-07T12:43:56.312+05:30  INFO 12248 --- [StatisticsMicroservice] [restartedMain] .s.c.n.e.s.EurekaAutoServiceRegistration : Updating port to 8084
2025-03-07T12:43:56.341+05:30  INFO 12248 --- [StatisticsMicroservice] [restartedMain] c.p.s.StatisticsMicroserviceApplication  : Started StatisticsMicroserviceApplication in 25.958 seconds (process running for 26.978)
2025-03-07T12:43:56.362+05:30  INFO 12248 --- [StatisticsMicroservice] [DiscoveryClient-InstanceInfoReplicator-%d] com.netflix.discovery.DiscoveryClient    : DiscoveryClient_STATISTICSMICROSERVICE/LTIN563691.cts.com:StatisticsMicroservice:8084 - registration status: 204
2025-03-07T12:47:34.281+05:30  INFO 12248 --- [StatisticsMicroservice] [http-nio-8084-exec-1] o.a.c.c.C.[Tomcat].[localhost].[/]       : Initializing Spring DispatcherServlet 'dispatcherServlet'
2025-03-07T12:47:34.281+05:30  INFO 12248 --- [StatisticsMicroservice] [http-nio-8084-exec-1] o.s.web.servlet.DispatcherServlet        : Initializing Servlet 'dispatcherServlet'
2025-03-07T12:47:34.281+05:30  INFO 12248 --- [StatisticsMicroservice] [http-nio-8084-exec-1] o.s.web.servlet.DispatcherServlet        : Completed initialization in 0 ms
2025-03-07T12:47:34.407+05:30  INFO 12248 --- [StatisticsMicroservice] [http-nio-8084-exec-1] c.project.statistics.aop.LoggingAspect   : Entering method: getDashboard with arguments: []
2025-03-07T12:47:34.407+05:30  INFO 12248 --- [StatisticsMicroservice] [http-nio-8084-exec-1] c.project.statistics.aop.LoggingAspect   : Exiting method: getDashboard with result: This is the dashboard page
2025-03-07T12:47:34.481+05:30  INFO 12248 --- [StatisticsMicroservice] [http-nio-8084-exec-2] c.project.statistics.aop.LoggingAspect   : Entering method: getDashboard with arguments: []
2025-03-07T12:47:34.481+05:30  INFO 12248 --- [StatisticsMicroservice] [http-nio-8084-exec-2] c.project.statistics.aop.LoggingAspect   : Exiting method: getDashboard with result: This is the dashboard page
2025-03-07T12:48:55.355+05:30  INFO 12248 --- [StatisticsMicroservice] [AsyncResolver-bootstrap-executor-%d] c.n.d.s.r.aws.ConfigClusterResolver      : Resolving eureka endpoints via configuration
2025-03-07T12:49:19.160+05:30  INFO 12248 --- [StatisticsMicroservice] [http-nio-8084-exec-4] c.project.statistics.aop.LoggingAspect   : Entering method: getDashboard with arguments: []
2025-03-07T12:49:19.163+05:30  INFO 12248 --- [StatisticsMicroservice] [http-nio-8084-exec-4] c.project.statistics.aop.LoggingAspect   : Exiting method: getDashboard with result: This is the dashboard page
2025-03-07T12:49:19.179+05:30  INFO 12248 --- [StatisticsMicroservice] [http-nio-8084-exec-5] c.project.statistics.aop.LoggingAspect   : Entering method: getDashboard with arguments: []
2025-03-07T12:49:19.192+05:30  INFO 12248 --- [StatisticsMicroservice] [http-nio-8084-exec-5] c.project.statistics.aop.LoggingAspect   : Exiting method: getDashboard with result: This is the dashboard page
2025-03-07T12:49:38.476+05:30  INFO 12248 --- [StatisticsMicroservice] [http-nio-8084-exec-6] c.project.statistics.aop.LoggingAspect   : Entering method: getStats with arguments: [1]
2025-03-07T12:49:39.779+05:30  INFO 12248 --- [StatisticsMicroservice] [http-nio-8084-exec-6] c.project.statistics.aop.LoggingAspect   : Exiting method: getStats with result: StatsDTO(totalIncome=16189.0, totalExpense=10429.0, balance=5760.0)
2025-03-07T12:49:39.842+05:30  INFO 12248 --- [StatisticsMicroservice] [http-nio-8084-exec-7] c.project.statistics.aop.LoggingAspect   : Entering method: getStats with arguments: [1]
2025-03-07T12:49:39.893+05:30  INFO 12248 --- [StatisticsMicroservice] [http-nio-8084-exec-7] c.project.statistics.aop.LoggingAspect   : Exiting method: getStats with result: StatsDTO(totalIncome=16189.0, totalExpense=10429.0, balance=5760.0)
2025-03-07T12:53:55.359+05:30  INFO 12248 --- [StatisticsMicroservice] [AsyncResolver-bootstrap-executor-%d] c.n.d.s.r.aws.ConfigClusterResolver      : Resolving eureka endpoints via configuration
2025-03-07T12:58:55.374+05:30  INFO 12248 --- [StatisticsMicroservice] [AsyncResolver-bootstrap-executor-%d] c.n.d.s.r.aws.ConfigClusterResolver      : Resolving eureka endpoints via configuration
2025-03-07T13:03:55.384+05:30  INFO 12248 --- [StatisticsMicroservice] [AsyncResolver-bootstrap-executor-%d] c.n.d.s.r.aws.ConfigClusterResolver      : Resolving eureka endpoints via configuration
2025-03-07T13:06:22.681+05:30  INFO 12248 --- [StatisticsMicroservice] [http-nio-8084-exec-8] c.project.statistics.aop.LoggingAspect   : Entering method: getDashboard with arguments: []
2025-03-07T13:06:22.682+05:30  INFO 12248 --- [StatisticsMicroservice] [http-nio-8084-exec-8] c.project.statistics.aop.LoggingAspect   : Exiting method: getDashboard with result: This is the dashboard page
2025-03-07T13:06:22.701+05:30  INFO 12248 --- [StatisticsMicroservice] [http-nio-8084-exec-10] c.project.statistics.aop.LoggingAspect   : Entering method: getDashboard with arguments: []
2025-03-07T13:06:22.702+05:30  INFO 12248 --- [StatisticsMicroservice] [http-nio-8084-exec-10] c.project.statistics.aop.LoggingAspect   : Exiting method: getDashboard with result: This is the dashboard page
2025-03-07T13:08:27.554+05:30  INFO 12248 --- [StatisticsMicroservice] [http-nio-8084-exec-2] c.project.statistics.aop.LoggingAspect   : Entering method: getDashboard with arguments: []
2025-03-07T13:08:27.555+05:30  INFO 12248 --- [StatisticsMicroservice] [http-nio-8084-exec-2] c.project.statistics.aop.LoggingAspect   : Exiting method: getDashboard with result: This is the dashboard page
2025-03-07T13:08:27.574+05:30  INFO 12248 --- [StatisticsMicroservice] [http-nio-8084-exec-3] c.project.statistics.aop.LoggingAspect   : Entering method: getDashboard with arguments: []
2025-03-07T13:08:27.575+05:30  INFO 12248 --- [StatisticsMicroservice] [http-nio-8084-exec-3] c.project.statistics.aop.LoggingAspect   : Exiting method: getDashboard with result: This is the dashboard page
2025-03-07T13:08:31.242+05:30  INFO 12248 --- [StatisticsMicroservice] [http-nio-8084-exec-4] c.project.statistics.aop.LoggingAspect   : Entering method: getDashboard with arguments: []
2025-03-07T13:08:31.243+05:30  INFO 12248 --- [StatisticsMicroservice] [http-nio-8084-exec-4] c.project.statistics.aop.LoggingAspect   : Exiting method: getDashboard with result: This is the dashboard page
2025-03-07T13:08:31.263+05:30  INFO 12248 --- [StatisticsMicroservice] [http-nio-8084-exec-5] c.project.statistics.aop.LoggingAspect   : Entering method: getDashboard with arguments: []
2025-03-07T13:08:31.263+05:30  INFO 12248 --- [StatisticsMicroservice] [http-nio-8084-exec-5] c.project.statistics.aop.LoggingAspect   : Exiting method: getDashboard with result: This is the dashboard page
2025-03-07T13:08:32.483+05:30  INFO 12248 --- [StatisticsMicroservice] [http-nio-8084-exec-6] c.project.statistics.aop.LoggingAspect   : Entering method: getStats with arguments: [1]
2025-03-07T13:08:32.539+05:30  INFO 12248 --- [StatisticsMicroservice] [http-nio-8084-exec-6] c.project.statistics.aop.LoggingAspect   : Exiting method: getStats with result: StatsDTO(totalIncome=16189.0, totalExpense=10429.0, balance=5760.0)
2025-03-07T13:08:32.569+05:30  INFO 12248 --- [StatisticsMicroservice] [http-nio-8084-exec-7] c.project.statistics.aop.LoggingAspect   : Entering method: getStats with arguments: [1]
2025-03-07T13:08:32.611+05:30  INFO 12248 --- [StatisticsMicroservice] [http-nio-8084-exec-7] c.project.statistics.aop.LoggingAspect   : Exiting method: getStats with result: StatsDTO(totalIncome=16189.0, totalExpense=10429.0, balance=5760.0)
2025-03-07T13:08:55.394+05:30  INFO 12248 --- [StatisticsMicroservice] [AsyncResolver-bootstrap-executor-%d] c.n.d.s.r.aws.ConfigClusterResolver      : Resolving eureka endpoints via configuration
2025-03-07T13:10:25.679+05:30  INFO 12248 --- [StatisticsMicroservice] [http-nio-8084-exec-8] c.project.statistics.aop.LoggingAspect   : Entering method: getDashboard with arguments: []
2025-03-07T13:10:25.680+05:30  INFO 12248 --- [StatisticsMicroservice] [http-nio-8084-exec-8] c.project.statistics.aop.LoggingAspect   : Exiting method: getDashboard with result: This is the dashboard page
2025-03-07T13:10:25.699+05:30  INFO 12248 --- [StatisticsMicroservice] [http-nio-8084-exec-10] c.project.statistics.aop.LoggingAspect   : Entering method: getDashboard with arguments: []
2025-03-07T13:10:25.700+05:30  INFO 12248 --- [StatisticsMicroservice] [http-nio-8084-exec-10] c.project.statistics.aop.LoggingAspect   : Exiting method: getDashboard with result: This is the dashboard page
2025-03-07T13:11:02.780+05:30  INFO 12248 --- [StatisticsMicroservice] [http-nio-8084-exec-1] c.project.statistics.aop.LoggingAspect   : Entering method: getDashboard with arguments: []
2025-03-07T13:11:02.781+05:30  INFO 12248 --- [StatisticsMicroservice] [http-nio-8084-exec-1] c.project.statistics.aop.LoggingAspect   : Exiting method: getDashboard with result: This is the dashboard page
2025-03-07T13:11:02.802+05:30  INFO 12248 --- [StatisticsMicroservice] [http-nio-8084-exec-2] c.project.statistics.aop.LoggingAspect   : Entering method: getDashboard with arguments: []
2025-03-07T13:11:02.803+05:30  INFO 12248 --- [StatisticsMicroservice] [http-nio-8084-exec-2] c.project.statistics.aop.LoggingAspect   : Exiting method: getDashboard with result: This is the dashboard page
2025-03-07T13:11:44.898+05:30  INFO 12248 --- [StatisticsMicroservice] [http-nio-8084-exec-3] c.project.statistics.aop.LoggingAspect   : Entering method: getDashboard with arguments: []
2025-03-07T13:11:44.900+05:30  INFO 12248 --- [StatisticsMicroservice] [http-nio-8084-exec-3] c.project.statistics.aop.LoggingAspect   : Exiting method: getDashboard with result: This is the dashboard page
2025-03-07T13:11:44.926+05:30  INFO 12248 --- [StatisticsMicroservice] [http-nio-8084-exec-4] c.project.statistics.aop.LoggingAspect   : Entering method: getDashboard with arguments: []
2025-03-07T13:11:44.927+05:30  INFO 12248 --- [StatisticsMicroservice] [http-nio-8084-exec-4] c.project.statistics.aop.LoggingAspect   : Exiting method: getDashboard with result: This is the dashboard page
2025-03-07T13:11:53.684+05:30  INFO 12248 --- [StatisticsMicroservice] [http-nio-8084-exec-5] c.project.statistics.aop.LoggingAspect   : Entering method: getStats with arguments: [1]
2025-03-07T13:11:53.748+05:30  INFO 12248 --- [StatisticsMicroservice] [http-nio-8084-exec-5] c.project.statistics.aop.LoggingAspect   : Exiting method: getStats with result: StatsDTO(totalIncome=16189.0, totalExpense=10429.0, balance=5760.0)
2025-03-07T13:11:53.772+05:30  INFO 12248 --- [StatisticsMicroservice] [http-nio-8084-exec-6] c.project.statistics.aop.LoggingAspect   : Entering method: getStats with arguments: [1]
2025-03-07T13:11:53.811+05:30  INFO 12248 --- [StatisticsMicroservice] [http-nio-8084-exec-6] c.project.statistics.aop.LoggingAspect   : Exiting method: getStats with result: StatsDTO(totalIncome=16189.0, totalExpense=10429.0, balance=5760.0)
2025-03-07T13:13:55.407+05:30  INFO 12248 --- [StatisticsMicroservice] [AsyncResolver-bootstrap-executor-%d] c.n.d.s.r.aws.ConfigClusterResolver      : Resolving eureka endpoints via configuration
2025-03-07T13:18:55.420+05:30  INFO 12248 --- [StatisticsMicroservice] [AsyncResolver-bootstrap-executor-%d] c.n.d.s.r.aws.ConfigClusterResolver      : Resolving eureka endpoints via configuration
2025-03-07T13:23:55.428+05:30  INFO 12248 --- [StatisticsMicroservice] [AsyncResolver-bootstrap-executor-%d] c.n.d.s.r.aws.ConfigClusterResolver      : Resolving eureka endpoints via configuration
2025-03-07T13:28:55.438+05:30  INFO 12248 --- [StatisticsMicroservice] [AsyncResolver-bootstrap-executor-%d] c.n.d.s.r.aws.ConfigClusterResolver      : Resolving eureka endpoints via configuration
2025-03-07T13:33:55.448+05:30  INFO 12248 --- [StatisticsMicroservice] [AsyncResolver-bootstrap-executor-%d] c.n.d.s.r.aws.ConfigClusterResolver      : Resolving eureka endpoints via configuration
2025-03-07T13:40:22.190+05:30  WARN 12248 --- [StatisticsMicroservice] [HikariPool-1 housekeeper] com.zaxxer.hikari.pool.HikariPool        : HikariPool-1 - Thread starvation or clock leap detected (housekeeper delta=2m33s828ms794µs700ns).
2025-03-07T13:40:59.274+05:30  INFO 12248 --- [StatisticsMicroservice] [AsyncResolver-bootstrap-executor-%d] c.n.d.s.r.aws.ConfigClusterResolver      : Resolving eureka endpoints via configuration
2025-03-07T13:46:01.981+05:30  WARN 12248 --- [StatisticsMicroservice] [HikariPool-1 housekeeper] com.zaxxer.hikari.pool.HikariPool        : HikariPool-1 - Thread starvation or clock leap detected (housekeeper delta=4m9s749ms691µs800ns).
2025-03-07T14:14:17.094+05:30  WARN 12248 --- [StatisticsMicroservice] [HikariPool-1 housekeeper] com.zaxxer.hikari.pool.HikariPool        : HikariPool-1 - Thread starvation or clock leap detected (housekeeper delta=25m45s64ms466µs800ns).
2025-03-07T14:14:54.080+05:30  INFO 12248 --- [StatisticsMicroservice] [AsyncResolver-bootstrap-executor-%d] c.n.d.s.r.aws.ConfigClusterResolver      : Resolving eureka endpoints via configuration
2025-03-07T14:19:54.084+05:30  INFO 12248 --- [StatisticsMicroservice] [AsyncResolver-bootstrap-executor-%d] c.n.d.s.r.aws.ConfigClusterResolver      : Resolving eureka endpoints via configuration
2025-03-07T14:23:20.545+05:30  INFO 12248 --- [StatisticsMicroservice] [http-nio-8084-exec-9] c.project.statistics.aop.LoggingAspect   : Entering method: getDashboard with arguments: []
2025-03-07T14:23:20.545+05:30  INFO 12248 --- [StatisticsMicroservice] [http-nio-8084-exec-9] c.project.statistics.aop.LoggingAspect   : Exiting method: getDashboard with result: This is the dashboard page
2025-03-07T14:23:20.561+05:30  INFO 12248 --- [StatisticsMicroservice] [http-nio-8084-exec-8] c.project.statistics.aop.LoggingAspect   : Entering method: getDashboard with arguments: []
2025-03-07T14:23:20.577+05:30  INFO 12248 --- [StatisticsMicroservice] [http-nio-8084-exec-8] c.project.statistics.aop.LoggingAspect   : Exiting method: getDashboard with result: This is the dashboard page
2025-03-07T14:24:54.099+05:30  INFO 12248 --- [StatisticsMicroservice] [AsyncResolver-bootstrap-executor-%d] c.n.d.s.r.aws.ConfigClusterResolver      : Resolving eureka endpoints via configuration
2025-03-07T14:29:54.112+05:30  INFO 12248 --- [StatisticsMicroservice] [AsyncResolver-bootstrap-executor-%d] c.n.d.s.r.aws.ConfigClusterResolver      : Resolving eureka endpoints via configuration
2025-03-07T14:34:54.118+05:30  INFO 12248 --- [StatisticsMicroservice] [AsyncResolver-bootstrap-executor-%d] c.n.d.s.r.aws.ConfigClusterResolver      : Resolving eureka endpoints via configuration
2025-03-07T14:39:54.121+05:30  INFO 12248 --- [StatisticsMicroservice] [AsyncResolver-bootstrap-executor-%d] c.n.d.s.r.aws.ConfigClusterResolver      : Resolving eureka endpoints via configuration
2025-03-07T14:44:54.126+05:30  INFO 12248 --- [StatisticsMicroservice] [AsyncResolver-bootstrap-executor-%d] c.n.d.s.r.aws.ConfigClusterResolver      : Resolving eureka endpoints via configuration
2025-03-07T14:49:54.132+05:30  INFO 12248 --- [StatisticsMicroservice] [AsyncResolver-bootstrap-executor-%d] c.n.d.s.r.aws.ConfigClusterResolver      : Resolving eureka endpoints via configuration
2025-03-07T14:54:54.137+05:30  INFO 12248 --- [StatisticsMicroservice] [AsyncResolver-bootstrap-executor-%d] c.n.d.s.r.aws.ConfigClusterResolver      : Resolving eureka endpoints via configuration
2025-03-07T14:59:54.143+05:30  INFO 12248 --- [StatisticsMicroservice] [AsyncResolver-bootstrap-executor-%d] c.n.d.s.r.aws.ConfigClusterResolver      : Resolving eureka endpoints via configuration
2025-03-07T15:04:54.154+05:30  INFO 12248 --- [StatisticsMicroservice] [AsyncResolver-bootstrap-executor-%d] c.n.d.s.r.aws.ConfigClusterResolver      : Resolving eureka endpoints via configuration
2025-03-07T15:09:54.156+05:30  INFO 12248 --- [StatisticsMicroservice] [AsyncResolver-bootstrap-executor-%d] c.n.d.s.r.aws.ConfigClusterResolver      : Resolving eureka endpoints via configuration
2025-03-07T15:14:54.158+05:30  INFO 12248 --- [StatisticsMicroservice] [AsyncResolver-bootstrap-executor-%d] c.n.d.s.r.aws.ConfigClusterResolver      : Resolving eureka endpoints via configuration
2025-03-07T15:19:54.167+05:30  INFO 12248 --- [StatisticsMicroservice] [AsyncResolver-bootstrap-executor-%d] c.n.d.s.r.aws.ConfigClusterResolver      : Resolving eureka endpoints via configuration
2025-03-07T15:24:54.177+05:30  INFO 12248 --- [StatisticsMicroservice] [AsyncResolver-bootstrap-executor-%d] c.n.d.s.r.aws.ConfigClusterResolver      : Resolving eureka endpoints via configuration
2025-03-07T15:29:54.181+05:30  INFO 12248 --- [StatisticsMicroservice] [AsyncResolver-bootstrap-executor-%d] c.n.d.s.r.aws.ConfigClusterResolver      : Resolving eureka endpoints via configuration
2025-03-07T15:34:54.190+05:30  INFO 12248 --- [StatisticsMicroservice] [AsyncResolver-bootstrap-executor-%d] c.n.d.s.r.aws.ConfigClusterResolver      : Resolving eureka endpoints via configuration
2025-03-07T15:39:54.192+05:30  INFO 12248 --- [StatisticsMicroservice] [AsyncResolver-bootstrap-executor-%d] c.n.d.s.r.aws.ConfigClusterResolver      : Resolving eureka endpoints via configuration
2025-03-07T15:44:54.204+05:30  INFO 12248 --- [StatisticsMicroservice] [AsyncResolver-bootstrap-executor-%d] c.n.d.s.r.aws.ConfigClusterResolver      : Resolving eureka endpoints via configuration
2025-03-07T15:49:54.209+05:30  INFO 12248 --- [StatisticsMicroservice] [AsyncResolver-bootstrap-executor-%d] c.n.d.s.r.aws.ConfigClusterResolver      : Resolving eureka endpoints via configuration
2025-03-07T15:54:54.223+05:30  INFO 12248 --- [StatisticsMicroservice] [AsyncResolver-bootstrap-executor-%d] c.n.d.s.r.aws.ConfigClusterResolver      : Resolving eureka endpoints via configuration
2025-03-07T15:59:54.224+05:30  INFO 12248 --- [StatisticsMicroservice] [AsyncResolver-bootstrap-executor-%d] c.n.d.s.r.aws.ConfigClusterResolver      : Resolving eureka endpoints via configuration
